<?xml version="1.0" encoding="UTF-8"?>
<testsuite xmlns:xsi="http://www.w3.org/2001/XMLSchema-instance" xsi:noNamespaceSchemaLocation="https://maven.apache.org/surefire/maven-surefire-plugin/xsd/surefire-test-report-3.0.xsd" version="3.0" name="IntegrationTest.integrationTests" time="1.93" tests="23" errors="0" skipped="0" failures="0">
  <properties>
[...]
</properties>
  <testcase name="testAssignStoreOwner1" classname="IntegrationTest.integrationTests" time="0.005">
    <system-err><![CDATA[Jun 19, 2024 1:56:41 PM DomainLayer.backend.UserPackage.UserController AssignStoreOwner
INFO: ownerUserName: ali, username: malekstoreOwner: 0
Jun 19, 2024 1:56:41 PM DomainLayer.backend.UserPackage.UserController AssignStoreOwner
SEVERE: ownerUserName not found
]]></system-err>
  </testcase>
  <testcase name="testAssignStoreOwner2" classname="IntegrationTest.integrationTests" time="0.184">
    <system-err><![CDATA[Jun 19, 2024 1:56:41 PM DomainLayer.backend.UserPackage.UserController Register
INFO: username: ali, password: 123
Jun 19, 2024 1:56:41 PM DomainLayer.backend.UserPackage.UserController Register
INFO: username: malek, password: 456
Jun 19, 2024 1:56:41 PM DomainLayer.backend.Market initStore
INFO: userName: ali, Description: description
Jun 19, 2024 1:56:41 PM DomainLayer.backend.UserPackage.UserController isRegistered
INFO: username: ali
Jun 19, 2024 1:56:41 PM DomainLayer.backend.StorePackage.StoreController initStore
INFO: userName: ali, Description: description
Jun 19, 2024 1:56:41 PM DomainLayer.backend.Permissions initStore
INFO: store added successfully
Jun 19, 2024 1:56:41 PM DomainLayer.backend.UserPackage.UserController AssignStoreOwner
INFO: ownerUserName: ali, username: malekstoreOwner: 0
Jun 19, 2024 1:56:41 PM DomainLayer.backend.UserPackage.UserController getUser
INFO: username: malek
Jun 19, 2024 1:56:41 PM DomainLayer.backend.NotificationPackage.DelayedNotifierDecorator send
INFO: User malek is offline. Saving message for later.
Jun 19, 2024 1:56:41 PM DomainLayer.backend.Permissions chooseNotifier
INFO: message stacked to malek
Jun 19, 2024 1:56:41 PM DomainLayer.backend.Permissions addPermission
INFO: Permission added to store
]]></system-err>
  </testcase>
  <testcase name="testLogin_IncorrectUsername" classname="IntegrationTest.integrationTests" time="0.002">
    <system-err><![CDATA[Jun 19, 2024 1:56:41 PM DomainLayer.backend.UserPackage.UserController Login
INFO: guest: 0, username: wrong, password: 123
Jun 19, 2024 1:56:41 PM DomainLayer.backend.UserPackage.UserController Login
SEVERE: username or password are incorrect
]]></system-err>
  </testcase>
  <testcase name="testsuspendUser1" classname="IntegrationTest.integrationTests" time="0.079">
    <system-err><![CDATA[Jun 19, 2024 1:56:41 PM DomainLayer.backend.Market setMarketOnline
INFO: market is Online
Jun 19, 2024 1:56:41 PM DomainLayer.backend.UserPackage.UserController addToGuestMap
INFO: guest user added successfully
Jun 19, 2024 1:56:41 PM DomainLayer.backend.UserPackage.UserController Register
INFO: username: ali, password: 123
Jun 19, 2024 1:56:41 PM DomainLayer.backend.UserPackage.UserController getUser
INFO: username: ali
Jun 19, 2024 1:56:41 PM DomainLayer.backend.NotificationPackage.DelayedNotifierDecorator send
INFO: User ali is offline. Saving message for later.
Jun 19, 2024 1:56:41 PM DomainLayer.backend.Permissions chooseNotifier
INFO: message stacked to ali
]]></system-err>
  </testcase>
  <testcase name="testsuspendUser2" classname="IntegrationTest.integrationTests" time="0.076">
    <system-err><![CDATA[Jun 19, 2024 1:56:41 PM DomainLayer.backend.Market setMarketOnline
INFO: market is Online
Jun 19, 2024 1:56:41 PM DomainLayer.backend.UserPackage.UserController addToGuestMap
INFO: guest user added successfully
Jun 19, 2024 1:56:41 PM DomainLayer.backend.UserPackage.UserController Register
INFO: username: ali, password: 123
]]></system-err>
  </testcase>
  <testcase name="testLogin_Success" classname="IntegrationTest.integrationTests" time="0.152">
    <system-err><![CDATA[Jun 19, 2024 1:56:42 PM DomainLayer.backend.Market setMarketOnline
INFO: market is Online
Jun 19, 2024 1:56:42 PM DomainLayer.backend.UserPackage.UserController addToGuestMap
INFO: guest user added successfully
Jun 19, 2024 1:56:42 PM DomainLayer.backend.UserPackage.UserController Register
INFO: username: ali, password: 123
Jun 19, 2024 1:56:42 PM DomainLayer.backend.UserPackage.UserController Login
INFO: guest: 0, username: ali, password: 123
Jun 19, 2024 1:56:42 PM DomainLayer.backend.UserPackage.UserController authenticate
INFO: username: ali, password: 123
Jun 19, 2024 1:56:42 PM DomainLayer.backend.UserPackage.UserController isRegistered
INFO: username: ali
Jun 19, 2024 1:56:42 PM DomainLayer.backend.UserPackage.UserController authenticate
INFO: authenticated
Jun 19, 2024 1:56:42 PM DomainLayer.backend.UserPackage.UserController Login
INFO: logged in successfully
Jun 19, 2024 1:56:42 PM DomainLayer.backend.UserPackage.UserController GuestExit
INFO: username: 0
Jun 19, 2024 1:56:42 PM DomainLayer.backend.UserPackage.UserController GuestExit
INFO: guest existed successfully
]]></system-err>
  </testcase>
  <testcase name="buyTest1" classname="IntegrationTest.integrationTests" time="0.002">
    <system-err><![CDATA[Jun 19, 2024 1:56:42 PM DomainLayer.backend.UserPackage.UserController Buy
INFO: username: malek
Jun 19, 2024 1:56:42 PM DomainLayer.backend.UserPackage.UserController getUser
INFO: username: malek
Jun 19, 2024 1:56:42 PM DomainLayer.backend.UserPackage.UserController getUser
SEVERE: username not found
Jun 19, 2024 1:56:42 PM DomainLayer.backend.UserPackage.UserController Buy
SEVERE: user not found
]]></system-err>
  </testcase>
  <testcase name="buyTest2" classname="IntegrationTest.integrationTests" time="0.007">
    <system-err><![CDATA[Jun 19, 2024 1:56:42 PM DomainLayer.backend.StorePackage.StoreController addProduct
INFO: productId: 0, storeId 0, price: 10.0, quantity: 15
Jun 19, 2024 1:56:42 PM DomainLayer.backend.StorePackage.StoreController getStore
INFO: storeID: 0
Jun 19, 2024 1:56:42 PM DomainLayer.backend.StorePackage.Store AddProduct
INFO: product added successfully
Jun 19, 2024 1:56:42 PM DomainLayer.backend.StorePackage.StoreController addProduct
INFO: Product added to store Successfully
Jun 19, 2024 1:56:42 PM DomainLayer.backend.Basket addProduct
INFO: product added successfully
Jun 19, 2024 1:56:42 PM DomainLayer.backend.UserPackage.ShoppingCart addToCart
INFO: added to cart
Jun 19, 2024 1:56:42 PM DomainLayer.backend.UserPackage.User addToCart
INFO: added to cart
Jun 19, 2024 1:56:42 PM DomainLayer.backend.UserPackage.UserController Buy
INFO: username: ali
Jun 19, 2024 1:56:42 PM DomainLayer.backend.UserPackage.UserController getUser
INFO: username: ali
Jun 19, 2024 1:56:42 PM DomainLayer.backend.StorePackage.StoreController getStore
INFO: storeID: 0
Jun 19, 2024 1:56:42 PM DomainLayer.backend.StorePackage.Store check
INFO: Basket's contents are available in the store
Jun 19, 2024 1:56:42 PM DomainLayer.backend.StorePackage.Store getProdPrice
INFO: Price of Product fetched successfully
Jun 19, 2024 1:56:42 PM DomainLayer.backend.StorePackage.Store getProdWeight
INFO: Weight of Product fetched successfully
Jun 19, 2024 1:56:42 PM DomainLayer.backend.StorePackage.Store subQuantity
INFO: Product's quantity subtracted successfully
Jun 19, 2024 1:56:42 PM DomainLayer.backend.UserPackage.UserController getUser
INFO: username: ali
Jun 19, 2024 1:56:42 PM DomainLayer.backend.Purchase <init>
INFO: Purchase captured!
Jun 19, 2024 1:56:42 PM DomainLayer.backend.PurchaseHistory addPurchase
INFO: Added purchase to store history: Store ID 0
Jun 19, 2024 1:56:42 PM DomainLayer.backend.PurchaseHistory addPurchase
INFO: Added purchase to user history: User ID ali
Jun 19, 2024 1:56:42 PM DomainLayer.backend.UserPackage.ShoppingCart Buy
INFO: Your purchase was successful
]]></system-err>
  </testcase>
  <testcase name="testEditPermissions1" classname="IntegrationTest.integrationTests" time="0.004">
    <system-err><![CDATA[Jun 19, 2024 1:56:42 PM DomainLayer.backend.UserPackage.UserController EditPermissions
INFO: storeID: 0, ownerUserName: ali, userName: malekstoreOwner: true
Jun 19, 2024 1:56:42 PM DomainLayer.backend.UserPackage.UserController EditPermissions
SEVERE: ownerUserName not found
]]></system-err>
  </testcase>
  <testcase name="testEditPermissions2" classname="IntegrationTest.integrationTests" time="0.158">
    <system-err><![CDATA[Jun 19, 2024 1:56:42 PM DomainLayer.backend.UserPackage.UserController Register
INFO: username: ali, password: 123
Jun 19, 2024 1:56:42 PM DomainLayer.backend.UserPackage.UserController Register
INFO: username: malek, password: 456
Jun 19, 2024 1:56:42 PM DomainLayer.backend.Market initStore
INFO: userName: ali, Description: description
Jun 19, 2024 1:56:42 PM DomainLayer.backend.UserPackage.UserController isRegistered
INFO: username: ali
Jun 19, 2024 1:56:42 PM DomainLayer.backend.StorePackage.StoreController initStore
INFO: userName: ali, Description: description
Jun 19, 2024 1:56:42 PM DomainLayer.backend.Permissions initStore
INFO: store added successfully
Jun 19, 2024 1:56:42 PM DomainLayer.backend.UserPackage.UserController AssignStoreOwner
INFO: ownerUserName: ali, username: malekstoreOwner: 0
Jun 19, 2024 1:56:42 PM DomainLayer.backend.UserPackage.UserController getUser
INFO: username: malek
Jun 19, 2024 1:56:42 PM DomainLayer.backend.NotificationPackage.DelayedNotifierDecorator send
INFO: User malek is offline. Saving message for later.
Jun 19, 2024 1:56:42 PM DomainLayer.backend.Permissions chooseNotifier
INFO: message stacked to malek
Jun 19, 2024 1:56:42 PM DomainLayer.backend.Permissions addPermission
INFO: Permission added to store
Jun 19, 2024 1:56:42 PM DomainLayer.backend.UserPackage.UserController EditPermissions
INFO: storeID: 0, ownerUserName: ali, userName: malekstoreOwner: true
Jun 19, 2024 1:56:42 PM DomainLayer.backend.UserPackage.UserController getUser
INFO: username: malek
Jun 19, 2024 1:56:42 PM DomainLayer.backend.NotificationPackage.DelayedNotifierDecorator send
INFO: User malek is offline. Saving message for later.
Jun 19, 2024 1:56:42 PM DomainLayer.backend.Permissions chooseNotifier
INFO: message stacked to malek
Jun 19, 2024 1:56:42 PM DomainLayer.backend.Permissions editPermission
INFO: Permission added to store
]]></system-err>
  </testcase>
  <testcase name="testsuspendUserSec2" classname="IntegrationTest.integrationTests" time="0.076">
    <system-err><![CDATA[Jun 19, 2024 1:56:42 PM DomainLayer.backend.Market setMarketOnline
INFO: market is Online
Jun 19, 2024 1:56:42 PM DomainLayer.backend.UserPackage.UserController addToGuestMap
INFO: guest user added successfully
Jun 19, 2024 1:56:42 PM DomainLayer.backend.UserPackage.UserController Register
INFO: username: ali, password: 123
]]></system-err>
  </testcase>
  <testcase name="testunassignUser1" classname="IntegrationTest.integrationTests" time="0.154">
    <system-err><![CDATA[Jun 19, 2024 1:56:42 PM DomainLayer.backend.UserPackage.UserController Register
INFO: username: ali, password: 123
Jun 19, 2024 1:56:42 PM DomainLayer.backend.UserPackage.UserController Register
INFO: username: malek, password: 456
Jun 19, 2024 1:56:42 PM DomainLayer.backend.Market initStore
INFO: userName: ali, Description: description
Jun 19, 2024 1:56:42 PM DomainLayer.backend.UserPackage.UserController isRegistered
INFO: username: ali
Jun 19, 2024 1:56:42 PM DomainLayer.backend.StorePackage.StoreController initStore
INFO: userName: ali, Description: description
Jun 19, 2024 1:56:42 PM DomainLayer.backend.Permissions initStore
INFO: store added successfully
Jun 19, 2024 1:56:42 PM DomainLayer.backend.UserPackage.UserController AssignStoreOwner
INFO: ownerUserName: ali, username: malekstoreOwner: 0
Jun 19, 2024 1:56:42 PM DomainLayer.backend.UserPackage.UserController getUser
INFO: username: malek
Jun 19, 2024 1:56:42 PM DomainLayer.backend.NotificationPackage.DelayedNotifierDecorator send
INFO: User malek is offline. Saving message for later.
Jun 19, 2024 1:56:42 PM DomainLayer.backend.Permissions chooseNotifier
INFO: message stacked to malek
Jun 19, 2024 1:56:42 PM DomainLayer.backend.Permissions addPermission
INFO: Permission added to store
Jun 19, 2024 1:56:42 PM DomainLayer.backend.UserPackage.UserController getUser
INFO: username: ali
Jun 19, 2024 1:56:42 PM DomainLayer.backend.NotificationPackage.DelayedNotifierDecorator send
INFO: User ali is offline. Saving message for later.
Jun 19, 2024 1:56:42 PM DomainLayer.backend.Permissions chooseNotifier
INFO: message stacked to ali
Jun 19, 2024 1:56:42 PM DomainLayer.backend.UserPackage.UserController getUser
INFO: username: malek
Jun 19, 2024 1:56:42 PM DomainLayer.backend.NotificationPackage.DelayedNotifierDecorator send
INFO: User malek is offline. Saving message for later.
Jun 19, 2024 1:56:42 PM DomainLayer.backend.Permissions chooseNotifier
INFO: message stacked to malek
Jun 19, 2024 1:56:42 PM DomainLayer.backend.Permissions deletePermission
INFO: Permission deleted from store
]]></system-err>
  </testcase>
  <testcase name="testunassignUser2" classname="IntegrationTest.integrationTests" time="0.001">
    <system-err><![CDATA[Jun 19, 2024 1:56:42 PM DomainLayer.backend.Permissions deletePermission
SEVERE: 0 does not exist
]]></system-err>
  </testcase>
  <testcase name="testSuspendSec1" classname="IntegrationTest.integrationTests" time="0.078">
    <system-err><![CDATA[Jun 19, 2024 1:56:42 PM DomainLayer.backend.Market setMarketOnline
INFO: market is Online
Jun 19, 2024 1:56:42 PM DomainLayer.backend.UserPackage.UserController addToGuestMap
INFO: guest user added successfully
Jun 19, 2024 1:56:42 PM DomainLayer.backend.UserPackage.UserController Register
INFO: username: ali, password: 123
Jun 19, 2024 1:56:42 PM DomainLayer.backend.UserPackage.UserController getUser
INFO: username: ali
Jun 19, 2024 1:56:42 PM DomainLayer.backend.NotificationPackage.DelayedNotifierDecorator send
INFO: User ali is offline. Saving message for later.
Jun 19, 2024 1:56:42 PM DomainLayer.backend.Permissions chooseNotifier
INFO: message stacked to ali
]]></system-err>
  </testcase>
  <testcase name="testviewsystemPurchaseHistory1" classname="IntegrationTest.integrationTests" time="0.007">
    <system-err><![CDATA[Jun 19, 2024 1:56:42 PM DomainLayer.backend.StorePackage.StoreController addProduct
INFO: productId: 0, storeId 0, price: 10.0, quantity: 15
Jun 19, 2024 1:56:42 PM DomainLayer.backend.StorePackage.StoreController getStore
INFO: storeID: 0
Jun 19, 2024 1:56:42 PM DomainLayer.backend.StorePackage.Store AddProduct
INFO: product added successfully
Jun 19, 2024 1:56:42 PM DomainLayer.backend.StorePackage.StoreController addProduct
INFO: Product added to store Successfully
Jun 19, 2024 1:56:42 PM DomainLayer.backend.Basket addProduct
INFO: product added successfully
Jun 19, 2024 1:56:42 PM DomainLayer.backend.UserPackage.ShoppingCart addToCart
INFO: added to cart
Jun 19, 2024 1:56:42 PM DomainLayer.backend.UserPackage.User addToCart
INFO: added to cart
Jun 19, 2024 1:56:42 PM DomainLayer.backend.UserPackage.UserController Buy
INFO: username: ali
Jun 19, 2024 1:56:42 PM DomainLayer.backend.UserPackage.UserController getUser
INFO: username: ali
Jun 19, 2024 1:56:42 PM DomainLayer.backend.StorePackage.StoreController getStore
INFO: storeID: 0
Jun 19, 2024 1:56:42 PM DomainLayer.backend.StorePackage.Store check
INFO: Basket's contents are available in the store
Jun 19, 2024 1:56:42 PM DomainLayer.backend.StorePackage.Store getProdPrice
INFO: Price of Product fetched successfully
Jun 19, 2024 1:56:42 PM DomainLayer.backend.StorePackage.Store getProdWeight
INFO: Weight of Product fetched successfully
Jun 19, 2024 1:56:42 PM DomainLayer.backend.StorePackage.Store subQuantity
INFO: Product's quantity subtracted successfully
Jun 19, 2024 1:56:42 PM DomainLayer.backend.UserPackage.UserController getUser
INFO: username: ali
Jun 19, 2024 1:56:42 PM DomainLayer.backend.Purchase <init>
INFO: Purchase captured!
Jun 19, 2024 1:56:42 PM DomainLayer.backend.PurchaseHistory addPurchase
INFO: Added purchase to store history: Store ID 0
Jun 19, 2024 1:56:42 PM DomainLayer.backend.PurchaseHistory addPurchase
INFO: Added purchase to user history: User ID ali
Jun 19, 2024 1:56:42 PM DomainLayer.backend.UserPackage.ShoppingCart Buy
INFO: Your purchase was successful
]]></system-err>
  </testcase>
  <testcase name="testDiscount1" classname="IntegrationTest.integrationTests" time="0.161">
    <system-err><![CDATA[Jun 19, 2024 1:56:42 PM DomainLayer.backend.Market setMarketOnline
INFO: market is Online
Jun 19, 2024 1:56:42 PM DomainLayer.backend.UserPackage.UserController addToGuestMap
INFO: guest user added successfully
Jun 19, 2024 1:56:42 PM DomainLayer.backend.UserPackage.UserController addToGuestMap
INFO: guest user added successfully
Jun 19, 2024 1:56:42 PM DomainLayer.backend.UserPackage.UserController Register
INFO: username: ali, password: 123
Jun 19, 2024 1:56:42 PM DomainLayer.backend.UserPackage.UserController Register
INFO: username: malek, password: 456
Jun 19, 2024 1:56:42 PM DomainLayer.backend.Market initStore
INFO: userName: ali, Description: d
Jun 19, 2024 1:56:42 PM DomainLayer.backend.UserPackage.UserController isRegistered
INFO: username: ali
Jun 19, 2024 1:56:42 PM DomainLayer.backend.StorePackage.StoreController initStore
INFO: userName: ali, Description: d
Jun 19, 2024 1:56:42 PM DomainLayer.backend.Permissions initStore
INFO: store added successfully
Jun 19, 2024 1:56:42 PM DomainLayer.backend.Permissions getPermission
INFO: Permission found
Jun 19, 2024 1:56:42 PM DomainLayer.backend.StorePackage.StoreController addProduct
INFO: productId: 0, storeId 0, price: 10.0, quantity: 10
Jun 19, 2024 1:56:42 PM DomainLayer.backend.StorePackage.StoreController getStore
INFO: storeID: 0
Jun 19, 2024 1:56:42 PM DomainLayer.backend.StorePackage.Store AddProduct
INFO: product added successfully
Jun 19, 2024 1:56:42 PM DomainLayer.backend.StorePackage.StoreController addProduct
INFO: Product added to store Successfully
Jun 19, 2024 1:56:42 PM DomainLayer.backend.Permissions getPermission
INFO: Permission found
Jun 19, 2024 1:56:42 PM DomainLayer.backend.StorePackage.StoreController getStore
INFO: storeID: 0
Jun 19, 2024 1:56:42 PM DomainLayer.backend.Market addProductDiscountPolicy
INFO: product discount policy added
Jun 19, 2024 1:56:42 PM DomainLayer.backend.UserPackage.UserController addToCart
INFO: username: ali, product: 0, quantity: 5
Jun 19, 2024 1:56:42 PM DomainLayer.backend.UserPackage.UserController getUser
INFO: username: ali
Jun 19, 2024 1:56:42 PM DomainLayer.backend.Basket addProduct
INFO: product added successfully
Jun 19, 2024 1:56:42 PM DomainLayer.backend.UserPackage.ShoppingCart addToCart
INFO: added to cart
Jun 19, 2024 1:56:42 PM DomainLayer.backend.UserPackage.User addToCart
INFO: added to cart
Jun 19, 2024 1:56:42 PM DomainLayer.backend.UserPackage.UserController Buy
INFO: username: ali
Jun 19, 2024 1:56:42 PM DomainLayer.backend.UserPackage.UserController getUser
INFO: username: ali
Jun 19, 2024 1:56:42 PM DomainLayer.backend.StorePackage.StoreController getStore
INFO: storeID: 0
Jun 19, 2024 1:56:42 PM DomainLayer.backend.StorePackage.Store check
INFO: Basket's contents are available in the store
Jun 19, 2024 1:56:42 PM DomainLayer.backend.StorePackage.Store getProdPrice
INFO: Price of Product fetched successfully
Jun 19, 2024 1:56:42 PM DomainLayer.backend.StorePackage.Store getProdWeight
INFO: Weight of Product fetched successfully
Jun 19, 2024 1:56:42 PM DomainLayer.backend.StorePackage.Store subQuantity
INFO: Product's quantity subtracted successfully
Jun 19, 2024 1:56:42 PM DomainLayer.backend.UserPackage.UserController getUser
INFO: username: ali
Jun 19, 2024 1:56:42 PM DomainLayer.backend.Purchase <init>
INFO: Purchase captured!
Jun 19, 2024 1:56:42 PM DomainLayer.backend.PurchaseHistory addPurchase
INFO: Added purchase to store history: Store ID 0
Jun 19, 2024 1:56:42 PM DomainLayer.backend.PurchaseHistory addPurchase
INFO: Added purchase to user history: User ID ali
Jun 19, 2024 1:56:42 PM DomainLayer.backend.UserPackage.ShoppingCart Buy
INFO: Your purchase was successful
]]></system-err>
  </testcase>
  <testcase name="testDiscount2" classname="IntegrationTest.integrationTests" time="0.159">
    <system-err><![CDATA[Jun 19, 2024 1:56:42 PM DomainLayer.backend.Market setMarketOnline
INFO: market is Online
Jun 19, 2024 1:56:42 PM DomainLayer.backend.UserPackage.UserController addToGuestMap
INFO: guest user added successfully
Jun 19, 2024 1:56:42 PM DomainLayer.backend.UserPackage.UserController addToGuestMap
INFO: guest user added successfully
Jun 19, 2024 1:56:42 PM DomainLayer.backend.UserPackage.UserController Register
INFO: username: ali, password: 123
Jun 19, 2024 1:56:42 PM DomainLayer.backend.UserPackage.UserController Register
INFO: username: malek, password: 456
Jun 19, 2024 1:56:42 PM DomainLayer.backend.Market initStore
INFO: userName: ali, Description: d
Jun 19, 2024 1:56:42 PM DomainLayer.backend.UserPackage.UserController isRegistered
INFO: username: ali
Jun 19, 2024 1:56:42 PM DomainLayer.backend.StorePackage.StoreController initStore
INFO: userName: ali, Description: d
Jun 19, 2024 1:56:42 PM DomainLayer.backend.Permissions initStore
INFO: store added successfully
Jun 19, 2024 1:56:42 PM DomainLayer.backend.Permissions getPermission
INFO: Permission found
Jun 19, 2024 1:56:42 PM DomainLayer.backend.StorePackage.StoreController addProduct
INFO: productId: 0, storeId 0, price: 10.0, quantity: 10
Jun 19, 2024 1:56:42 PM DomainLayer.backend.StorePackage.StoreController getStore
INFO: storeID: 0
Jun 19, 2024 1:56:42 PM DomainLayer.backend.StorePackage.Store AddProduct
INFO: product added successfully
Jun 19, 2024 1:56:42 PM DomainLayer.backend.StorePackage.StoreController addProduct
INFO: Product added to store Successfully
Jun 19, 2024 1:56:42 PM DomainLayer.backend.Permissions getPermission
INFO: Permission found
Jun 19, 2024 1:56:42 PM DomainLayer.backend.StorePackage.StoreController getStore
INFO: storeID: 0
Jun 19, 2024 1:56:42 PM DomainLayer.backend.Market addProductPurchasePolicy
INFO: product purchase policy added
Jun 19, 2024 1:56:42 PM DomainLayer.backend.UserPackage.UserController addToCart
INFO: username: ali, product: 0, quantity: 2
Jun 19, 2024 1:56:42 PM DomainLayer.backend.UserPackage.UserController getUser
INFO: username: ali
Jun 19, 2024 1:56:42 PM DomainLayer.backend.Basket addProduct
INFO: product added successfully
Jun 19, 2024 1:56:42 PM DomainLayer.backend.UserPackage.ShoppingCart addToCart
INFO: added to cart
Jun 19, 2024 1:56:42 PM DomainLayer.backend.UserPackage.User addToCart
INFO: added to cart
Jun 19, 2024 1:56:42 PM DomainLayer.backend.UserPackage.UserController Buy
INFO: username: ali
Jun 19, 2024 1:56:42 PM DomainLayer.backend.UserPackage.UserController getUser
INFO: username: ali
Jun 19, 2024 1:56:42 PM DomainLayer.backend.StorePackage.StoreController getStore
INFO: storeID: 0
Jun 19, 2024 1:56:42 PM DomainLayer.backend.StorePackage.Store check
INFO: Basket's contents are available in the store
Jun 19, 2024 1:56:42 PM DomainLayer.backend.StorePackage.Store getProdPrice
INFO: Price of Product fetched successfully
Jun 19, 2024 1:56:42 PM DomainLayer.backend.StorePackage.Store getProdWeight
INFO: Weight of Product fetched successfully
Jun 19, 2024 1:56:42 PM DomainLayer.backend.StorePackage.Store subQuantity
INFO: Product's quantity subtracted successfully
Jun 19, 2024 1:56:42 PM DomainLayer.backend.UserPackage.UserController getUser
INFO: username: ali
Jun 19, 2024 1:56:42 PM DomainLayer.backend.StorePackage.StoreController getStore
INFO: storeID: 0
Jun 19, 2024 1:56:42 PM DomainLayer.backend.StorePackage.Store addQuantity
INFO: Product's quantity added successfully
Jun 19, 2024 1:56:42 PM DomainLayer.backend.UserPackage.ShoppingCart processBasket
SEVERE: purchase failed
]]></system-err>
  </testcase>
  <testcase name="testResign1" classname="IntegrationTest.integrationTests" time="0.154">
    <system-err><![CDATA[Jun 19, 2024 1:56:42 PM DomainLayer.backend.UserPackage.UserController Register
INFO: username: ali, password: 123
Jun 19, 2024 1:56:43 PM DomainLayer.backend.UserPackage.UserController Register
INFO: username: malek, password: 456
Jun 19, 2024 1:56:43 PM DomainLayer.backend.Market initStore
INFO: userName: ali, Description: description
Jun 19, 2024 1:56:43 PM DomainLayer.backend.UserPackage.UserController isRegistered
INFO: username: ali
Jun 19, 2024 1:56:43 PM DomainLayer.backend.StorePackage.StoreController initStore
INFO: userName: ali, Description: description
Jun 19, 2024 1:56:43 PM DomainLayer.backend.Permissions initStore
INFO: store added successfully
Jun 19, 2024 1:56:43 PM DomainLayer.backend.UserPackage.UserController AssignStoreOwner
INFO: ownerUserName: ali, username: malekstoreOwner: 0
Jun 19, 2024 1:56:43 PM DomainLayer.backend.UserPackage.UserController getUser
INFO: username: malek
Jun 19, 2024 1:56:43 PM DomainLayer.backend.NotificationPackage.DelayedNotifierDecorator send
INFO: User malek is offline. Saving message for later.
Jun 19, 2024 1:56:43 PM DomainLayer.backend.Permissions chooseNotifier
INFO: message stacked to malek
Jun 19, 2024 1:56:43 PM DomainLayer.backend.Permissions addPermission
INFO: Permission added to store
Jun 19, 2024 1:56:43 PM DomainLayer.backend.Permissions deleteStoreOwner
INFO: deleted store owner
]]></system-err>
  </testcase>
  <testcase name="testResign2" classname="IntegrationTest.integrationTests" time="0.079">
    <system-err><![CDATA[Jun 19, 2024 1:56:43 PM DomainLayer.backend.UserPackage.UserController Register
INFO: username: ali, password: 123
Jun 19, 2024 1:56:43 PM DomainLayer.backend.Market initStore
INFO: userName: ali, Description: description
Jun 19, 2024 1:56:43 PM DomainLayer.backend.UserPackage.UserController isRegistered
INFO: username: ali
Jun 19, 2024 1:56:43 PM DomainLayer.backend.StorePackage.StoreController initStore
INFO: userName: ali, Description: description
Jun 19, 2024 1:56:43 PM DomainLayer.backend.Permissions initStore
INFO: store added successfully
Jun 19, 2024 1:56:43 PM DomainLayer.backend.StorePackage.StoreController deleteStore
INFO: storeId: 0
Jun 19, 2024 1:56:43 PM DomainLayer.backend.StorePackage.StoreController getStore
INFO: storeID: 0
Jun 19, 2024 1:56:43 PM DomainLayer.backend.StorePackage.StoreController deleteStore
INFO: store deleted successfully
Jun 19, 2024 1:56:43 PM DomainLayer.backend.Permissions deleteStoreOwner
INFO: deleted main store owner - store is closed permanently
]]></system-err>
  </testcase>
  <testcase name="testRegister_Success" classname="IntegrationTest.integrationTests" time="0.077">
    <system-err><![CDATA[Jun 19, 2024 1:56:43 PM DomainLayer.backend.UserPackage.UserController Register
INFO: username: newUser, password: password123
]]></system-err>
  </testcase>
  <testcase name="testRegister_UsernameExists" classname="IntegrationTest.integrationTests" time="0.152">
    <system-err><![CDATA[Jun 19, 2024 1:56:43 PM DomainLayer.backend.UserPackage.UserController Register
INFO: username: existingUser, password: password123
Jun 19, 2024 1:56:43 PM DomainLayer.backend.UserPackage.UserController Register
INFO: username: existingUser, password: password123
Jun 19, 2024 1:56:43 PM DomainLayer.backend.UserPackage.UserController Register
SEVERE: username already exists
]]></system-err>
  </testcase>
  <testcase name="testAssignStoreManager1" classname="IntegrationTest.integrationTests" time="0.002">
    <system-err><![CDATA[Jun 19, 2024 1:56:43 PM DomainLayer.backend.UserPackage.UserController AssignStoreManager
INFO: ownerUserName: ali, username: malekstoreOwner: 0
Jun 19, 2024 1:56:43 PM DomainLayer.backend.UserPackage.UserController AssignStoreManager
SEVERE: ownerUserName not found
]]></system-err>
  </testcase>
  <testcase name="testAssignStoreManager2" classname="IntegrationTest.integrationTests" time="0.155">
    <system-err><![CDATA[Jun 19, 2024 1:56:43 PM DomainLayer.backend.UserPackage.UserController Register
INFO: username: ali, password: 123
Jun 19, 2024 1:56:43 PM DomainLayer.backend.UserPackage.UserController Register
INFO: username: malek, password: 456
Jun 19, 2024 1:56:43 PM DomainLayer.backend.Market initStore
INFO: userName: ali, Description: description
Jun 19, 2024 1:56:43 PM DomainLayer.backend.UserPackage.UserController isRegistered
INFO: username: ali
Jun 19, 2024 1:56:43 PM DomainLayer.backend.StorePackage.StoreController initStore
INFO: userName: ali, Description: description
Jun 19, 2024 1:56:43 PM DomainLayer.backend.Permissions initStore
INFO: store added successfully
Jun 19, 2024 1:56:43 PM DomainLayer.backend.UserPackage.UserController AssignStoreManager
INFO: ownerUserName: ali, username: malekstoreOwner: 0
Jun 19, 2024 1:56:43 PM DomainLayer.backend.UserPackage.UserController getUser
INFO: username: malek
Jun 19, 2024 1:56:43 PM DomainLayer.backend.NotificationPackage.DelayedNotifierDecorator send
INFO: User malek is offline. Saving message for later.
Jun 19, 2024 1:56:43 PM DomainLayer.backend.Permissions chooseNotifier
INFO: message stacked to malek
Jun 19, 2024 1:56:43 PM DomainLayer.backend.Permissions addPermission
INFO: Permission added to store
]]></system-err>
  </testcase>
</testsuite>