<?xml version="1.0" encoding="UTF-8"?>
<testsuite xmlns:xsi="http://www.w3.org/2001/XMLSchema-instance" xsi:noNamespaceSchemaLocation="https://maven.apache.org/surefire/maven-surefire-plugin/xsd/surefire-test-report.xsd" name="IntegrationTest.integrationTests" time="0.221" tests="15" errors="6" skipped="0" failures="4">
  <properties>
[...]
</properties>
  <testcase name="testAssignStoreOwner1" classname="IntegrationTest.integrationTests" time="0.005"/>
  <testcase name="testAssignStoreOwner2" classname="IntegrationTest.integrationTests" time="0.004">
    <error message="ali is not registered" type="java.lang.Exception">java.lang.Exception: ali is not registered
	at IntegrationTest.integrationTests.testAssignStoreOwner2(integrationTests.java:114)
</error>
    <system-err><![CDATA[Jun 10, 2024 6:09:56 PM DomainLayer.backend.Market initStore
INFO: userName: ali, Description: description
Jun 10, 2024 6:09:56 PM DomainLayer.backend.UserPackage.UserController isRegistered
INFO: username: ali
Jun 10, 2024 6:09:56 PM DomainLayer.backend.UserPackage.UserController isRegistered
SEVERE: ali is not registered
]]></system-err>
  </testcase>
  <testcase name="testLogin_IncorrectUsername" classname="IntegrationTest.integrationTests" time="0.004"/>
  <testcase name="testLogin_Success" classname="IntegrationTest.integrationTests" time="0.005">
    <failure message="Exception should not be thrown: username or password are incorrect" type="org.opentest4j.AssertionFailedError">org.opentest4j.AssertionFailedError: Exception should not be thrown: username or password are incorrect
	at IntegrationTest.integrationTests.testLogin_Success(integrationTests.java:209)
</failure>
    <system-err><![CDATA[Jun 10, 2024 6:09:56 PM DomainLayer.backend.UserPackage.UserController Login
INFO: guest: 0, username: malek, password: 123
Jun 10, 2024 6:09:56 PM DomainLayer.backend.UserPackage.UserController authenticate
INFO: username: malek, password: 123
Jun 10, 2024 6:09:56 PM DomainLayer.backend.UserPackage.UserController isRegistered
INFO: username: malek
Jun 10, 2024 6:09:56 PM DomainLayer.backend.UserPackage.UserController authenticate
INFO: authenticated
Jun 10, 2024 6:09:56 PM org.springframework.security.crypto.bcrypt.BCryptPasswordEncoder matches
WARNING: Encoded password does not look like BCrypt
Jun 10, 2024 6:09:56 PM DomainLayer.backend.UserPackage.UserController Login
SEVERE: username or password are incorrect
]]></system-err>
  </testcase>
  <testcase name="buyTest1" classname="IntegrationTest.integrationTests" time="0.004"/>
  <testcase name="buyTest2" classname="IntegrationTest.integrationTests" time="0.007">
    <error message="invalid cart" type="java.lang.Exception">java.lang.Exception: invalid cart
	at IntegrationTest.integrationTests.buyTest2(integrationTests.java:62)
</error>
    <system-err><![CDATA[Jun 10, 2024 6:09:56 PM DomainLayer.backend.StorePackage.StoreController addProduct
INFO: productId: 0, storeId 0, price: 10.0, quantity: 15
Jun 10, 2024 6:09:56 PM DomainLayer.backend.StorePackage.StoreController getStore
INFO: storeID: 0
Jun 10, 2024 6:09:56 PM DomainLayer.backend.StorePackage.Store AddProduct
INFO: product added successfully
Jun 10, 2024 6:09:56 PM DomainLayer.backend.StorePackage.StoreController addProduct
INFO: Product added to store Successfully
Jun 10, 2024 6:09:56 PM DomainLayer.backend.Basket addProduct
INFO: product added successfully
Jun 10, 2024 6:09:56 PM DomainLayer.backend.UserPackage.ShoppingCart addToCart
INFO: added to cart
Jun 10, 2024 6:09:56 PM DomainLayer.backend.UserPackage.User addToCart
INFO: added to cart
Jun 10, 2024 6:09:56 PM DomainLayer.backend.UserPackage.UserController Buy
INFO: username: ali
Jun 10, 2024 6:09:56 PM DomainLayer.backend.UserPackage.UserController getUser
INFO: username: ali
Jun 10, 2024 6:09:56 PM DomainLayer.backend.StorePackage.StoreController getStore
INFO: storeID: 0
Jun 10, 2024 6:09:56 PM DomainLayer.backend.StorePackage.Store check
SEVERE: one of the products's quantity exceeds the availiable stock
Jun 10, 2024 6:09:56 PM DomainLayer.backend.UserPackage.ShoppingCart Buy
SEVERE: invalid cart
]]></system-err>
  </testcase>
  <testcase name="testEditPermissions1" classname="IntegrationTest.integrationTests" time="0.002"/>
  <testcase name="testEditPermissions2" classname="IntegrationTest.integrationTests" time="0.005">
    <error message="ali is not registered" type="java.lang.Exception">java.lang.Exception: ali is not registered
	at IntegrationTest.integrationTests.testEditPermissions2(integrationTests.java:135)
</error>
    <system-err><![CDATA[Jun 10, 2024 6:09:56 PM DomainLayer.backend.Market initStore
INFO: userName: ali, Description: description
Jun 10, 2024 6:09:56 PM DomainLayer.backend.UserPackage.UserController isRegistered
INFO: username: ali
Jun 10, 2024 6:09:56 PM DomainLayer.backend.UserPackage.UserController isRegistered
SEVERE: ali is not registered
]]></system-err>
  </testcase>
  <testcase name="testunassignUser1" classname="IntegrationTest.integrationTests" time="0.004">
    <error message="ali is not registered" type="java.lang.Exception">java.lang.Exception: ali is not registered
	at IntegrationTest.integrationTests.testunassignUser1(integrationTests.java:152)
</error>
    <system-err><![CDATA[Jun 10, 2024 6:09:56 PM DomainLayer.backend.Market initStore
INFO: userName: ali, Description: description
Jun 10, 2024 6:09:56 PM DomainLayer.backend.UserPackage.UserController isRegistered
INFO: username: ali
Jun 10, 2024 6:09:56 PM DomainLayer.backend.UserPackage.UserController isRegistered
SEVERE: ali is not registered
]]></system-err>
  </testcase>
  <testcase name="testunassignUser2" classname="IntegrationTest.integrationTests" time="0.003">
    <failure message="expected: &lt;does not exist&gt; but was: &lt;0 does not exist&gt;" type="org.opentest4j.AssertionFailedError"><![CDATA[org.opentest4j.AssertionFailedError: expected: <does not exist> but was: <0 does not exist>
	at IntegrationTest.integrationTests.testunassignUser2(integrationTests.java:165)
]]></failure>
    <system-err><![CDATA[Jun 10, 2024 6:09:56 PM DomainLayer.backend.Permissions deletePermission
SEVERE: 0 does not exist
]]></system-err>
  </testcase>
  <testcase name="testviewsystemPurchaseHistory1" classname="IntegrationTest.integrationTests" time="0.008">
    <error message="invalid cart" type="java.lang.Exception">java.lang.Exception: invalid cart
	at IntegrationTest.integrationTests.testviewsystemPurchaseHistory1(integrationTests.java:73)
</error>
    <system-err><![CDATA[Jun 10, 2024 6:09:56 PM DomainLayer.backend.StorePackage.StoreController addProduct
INFO: productId: 0, storeId 0, price: 10.0, quantity: 15
Jun 10, 2024 6:09:56 PM DomainLayer.backend.StorePackage.StoreController getStore
INFO: storeID: 0
Jun 10, 2024 6:09:56 PM DomainLayer.backend.StorePackage.Store AddProduct
INFO: product added successfully
Jun 10, 2024 6:09:56 PM DomainLayer.backend.StorePackage.StoreController addProduct
INFO: Product added to store Successfully
Jun 10, 2024 6:09:56 PM DomainLayer.backend.Basket addProduct
INFO: product added successfully
Jun 10, 2024 6:09:56 PM DomainLayer.backend.UserPackage.ShoppingCart addToCart
INFO: added to cart
Jun 10, 2024 6:09:56 PM DomainLayer.backend.UserPackage.User addToCart
INFO: added to cart
Jun 10, 2024 6:09:56 PM DomainLayer.backend.UserPackage.UserController Buy
INFO: username: ali
Jun 10, 2024 6:09:56 PM DomainLayer.backend.UserPackage.UserController getUser
INFO: username: ali
Jun 10, 2024 6:09:56 PM DomainLayer.backend.StorePackage.StoreController getStore
INFO: storeID: 0
Jun 10, 2024 6:09:56 PM DomainLayer.backend.StorePackage.Store check
SEVERE: one of the products's quantity exceeds the availiable stock
Jun 10, 2024 6:09:56 PM DomainLayer.backend.UserPackage.ShoppingCart Buy
SEVERE: invalid cart
]]></system-err>
  </testcase>
  <testcase name="testRegister_Success" classname="IntegrationTest.integrationTests" time="0.08">
    <failure message="Exception should not be thrown: guest user cannot be added" type="org.opentest4j.AssertionFailedError">org.opentest4j.AssertionFailedError: Exception should not be thrown: guest user cannot be added
	at IntegrationTest.integrationTests.testRegister_Success(integrationTests.java:180)
</failure>
    <system-err><![CDATA[Jun 10, 2024 6:09:56 PM DomainLayer.backend.UserPackage.UserController Register
INFO: username: newUser, password: password123
Jun 10, 2024 6:09:56 PM DomainLayer.backend.UserPackage.UserController addToRegUserMap
SEVERE: guest user cannot be added
]]></system-err>
  </testcase>
  <testcase name="testRegister_UsernameExists" classname="IntegrationTest.integrationTests" time="0.08">
    <failure message="Exception should not be thrown: guest user cannot be added" type="org.opentest4j.AssertionFailedError">org.opentest4j.AssertionFailedError: Exception should not be thrown: guest user cannot be added
	at IntegrationTest.integrationTests.testRegister_UsernameExists(integrationTests.java:191)
</failure>
    <system-err><![CDATA[Jun 10, 2024 6:09:56 PM DomainLayer.backend.UserPackage.UserController Register
INFO: username: existingUser, password: password123
Jun 10, 2024 6:09:56 PM DomainLayer.backend.UserPackage.UserController addToRegUserMap
SEVERE: guest user cannot be added
]]></system-err>
  </testcase>
  <testcase name="testAssignStoreManager1" classname="IntegrationTest.integrationTests" time="0.003"/>
  <testcase name="testAssignStoreManager2" classname="IntegrationTest.integrationTests" time="0.004">
    <error message="ali is not registered" type="java.lang.Exception">java.lang.Exception: ali is not registered
	at IntegrationTest.integrationTests.testAssignStoreManager2(integrationTests.java:94)
</error>
    <system-err><![CDATA[Jun 10, 2024 6:09:56 PM DomainLayer.backend.Market initStore
INFO: userName: ali, Description: description
Jun 10, 2024 6:09:56 PM DomainLayer.backend.UserPackage.UserController isRegistered
INFO: username: ali
Jun 10, 2024 6:09:56 PM DomainLayer.backend.UserPackage.UserController isRegistered
SEVERE: ali is not registered
]]></system-err>
  </testcase>
</testsuite>