<?xml version="1.0" encoding="UTF-8"?>
<testsuite xmlns:xsi="http://www.w3.org/2001/XMLSchema-instance" xsi:noNamespaceSchemaLocation="https://maven.apache.org/surefire/maven-surefire-plugin/xsd/surefire-test-report.xsd" name="UnitTest.StoreUnitTest" time="0.009" tests="11" errors="0" skipped="0" failures="6">
  <properties>
[...]
</properties>
  <testcase name="testEditProductPrice_Success" classname="UnitTest.StoreUnitTest" time="0">
    <failure message="expected: &lt;150.0&gt; but was: &lt;20.0&gt;" type="org.opentest4j.AssertionFailedError"><![CDATA[org.opentest4j.AssertionFailedError: expected: <150.0> but was: <20.0>
	at UnitTest.StoreUnitTest.testEditProductPrice_Success(StoreUnitTest.java:118)
]]></failure>
    <system-err><![CDATA[Jun 10, 2024 6:09:56 PM DomainLayer.backend.StorePackage.Store AddProduct
INFO: product added successfully
Jun 10, 2024 6:09:56 PM DomainLayer.backend.StorePackage.Store AddProduct
INFO: product added successfully
Jun 10, 2024 6:09:56 PM DomainLayer.backend.StorePackage.StoreController EditProducPrice
INFO: productId: 0, storeId 0, newPrice: 150.0
Jun 10, 2024 6:09:56 PM DomainLayer.backend.StorePackage.StoreController getStore
INFO: storeID: 0
Jun 10, 2024 6:09:56 PM DomainLayer.backend.StorePackage.Store EditProductPrice
INFO: Product's price edited successfully
Jun 10, 2024 6:09:56 PM DomainLayer.backend.StorePackage.StoreController EditProducPrice
INFO: Product's Price Modified in store Successfully
Jun 10, 2024 6:09:56 PM DomainLayer.backend.StorePackage.Store getProdPrice
INFO: Price of Product fetched successfully
]]></system-err>
  </testcase>
  <testcase name="testRemoveProduct_StoreDoesNotExist" classname="UnitTest.StoreUnitTest" time="0"/>
  <testcase name="testGetStore_StoreExists" classname="UnitTest.StoreUnitTest" time="0.001">
    <failure message="expected: &lt;DomainLayer.backend.StorePackage.Store@6aba2b86&gt; but was: &lt;DomainLayer.backend.StorePackage.Store@158da8e&gt;" type="org.opentest4j.AssertionFailedError"><![CDATA[org.opentest4j.AssertionFailedError: expected: <DomainLayer.backend.StorePackage.Store@6aba2b86> but was: <DomainLayer.backend.StorePackage.Store@158da8e>
	at UnitTest.StoreUnitTest.testGetStore_StoreExists(StoreUnitTest.java:42)
]]></failure>
    <system-err><![CDATA[Jun 10, 2024 6:09:56 PM DomainLayer.backend.StorePackage.StoreController getStore
INFO: storeID: 0
Jun 10, 2024 6:09:56 PM DomainLayer.backend.StorePackage.StoreController getStore
INFO: storeID: 0
]]></system-err>
  </testcase>
  <testcase name="testOpenStore_Success" classname="UnitTest.StoreUnitTest" time="0"/>
  <testcase name="testGetInfo" classname="UnitTest.StoreUnitTest" time="0">
    <failure message="expected: &lt;No such store!&gt; but was: &lt;&gt;" type="org.opentest4j.AssertionFailedError"><![CDATA[org.opentest4j.AssertionFailedError: expected: <No such store!> but was: <>
	at UnitTest.StoreUnitTest.testGetInfo(StoreUnitTest.java:153)
]]></failure>
    <system-err><![CDATA[Jun 10, 2024 6:09:56 PM DomainLayer.backend.StorePackage.StoreController getInfo
INFO: storeId: 0
Jun 10, 2024 6:09:56 PM DomainLayer.backend.StorePackage.StoreController getStore
INFO: storeID: 0
Jun 10, 2024 6:09:56 PM DomainLayer.backend.StorePackage.StoreController getInfo
INFO: Store Info fetched!
]]></system-err>
  </testcase>
  <testcase name="testAddProduct_StoreDoesNotExist" classname="UnitTest.StoreUnitTest" time="0">
    <failure message="Expected java.lang.Exception to be thrown, but nothing was thrown." type="org.opentest4j.AssertionFailedError">org.opentest4j.AssertionFailedError: Expected java.lang.Exception to be thrown, but nothing was thrown.
	at UnitTest.StoreUnitTest.testAddProduct_StoreDoesNotExist(StoreUnitTest.java:71)
</failure>
    <system-err><![CDATA[Jun 10, 2024 6:09:56 PM DomainLayer.backend.StorePackage.StoreController addProduct
INFO: productId: 101, storeId 0, price: 19.99, quantity: 10
Jun 10, 2024 6:09:56 PM DomainLayer.backend.StorePackage.StoreController getStore
INFO: storeID: 0
Jun 10, 2024 6:09:56 PM DomainLayer.backend.StorePackage.Store AddProduct
INFO: product added successfully
Jun 10, 2024 6:09:56 PM DomainLayer.backend.StorePackage.StoreController addProduct
INFO: Product added to store Successfully
]]></system-err>
  </testcase>
  <testcase name="testEditProductQuantity_Success" classname="UnitTest.StoreUnitTest" time="0.001">
    <failure message="expected: &lt;20&gt; but was: &lt;10&gt;" type="org.opentest4j.AssertionFailedError"><![CDATA[org.opentest4j.AssertionFailedError: expected: <20> but was: <10>
	at UnitTest.StoreUnitTest.testEditProductQuantity_Success(StoreUnitTest.java:130)
]]></failure>
    <system-err><![CDATA[Jun 10, 2024 6:09:56 PM DomainLayer.backend.StorePackage.Store AddProduct
INFO: product added successfully
Jun 10, 2024 6:09:56 PM DomainLayer.backend.StorePackage.Store AddProduct
INFO: product added successfully
Jun 10, 2024 6:09:56 PM DomainLayer.backend.StorePackage.StoreController EditProductQuantity
INFO: productId: 0, storeId 0, newQuantity: 20
Jun 10, 2024 6:09:56 PM DomainLayer.backend.StorePackage.StoreController getStore
INFO: storeID: 0
Jun 10, 2024 6:09:56 PM DomainLayer.backend.StorePackage.Store EditProductQuantity
INFO: Product's price edited successfully
Jun 10, 2024 6:09:56 PM DomainLayer.backend.StorePackage.StoreController EditProductQuantity
INFO: Product's Quantity Modified in store Successfully
]]></system-err>
  </testcase>
  <testcase name="testCloseStore_Success" classname="UnitTest.StoreUnitTest" time="0">
    <failure message="expected: &lt;Store Closed Successfully&gt; but was: &lt;Store Closed Successfuly&gt;" type="org.opentest4j.AssertionFailedError"><![CDATA[org.opentest4j.AssertionFailedError: expected: <Store Closed Successfully> but was: <Store Closed Successfuly>
	at UnitTest.StoreUnitTest.testCloseStore_Success(StoreUnitTest.java:137)
]]></failure>
    <system-err><![CDATA[Jun 10, 2024 6:09:56 PM DomainLayer.backend.StorePackage.StoreController closeStore
INFO: storeId: 0
Jun 10, 2024 6:09:56 PM DomainLayer.backend.StorePackage.StoreController getStore
INFO: storeID: 0
Jun 10, 2024 6:09:56 PM DomainLayer.backend.StorePackage.StoreController closeStore
INFO: Store Closed Successfuly
]]></system-err>
  </testcase>
  <testcase name="testGetStore_StoreDoesNotExist" classname="UnitTest.StoreUnitTest" time="0.002"/>
  <testcase name="testRemoveProduct_StoreExists" classname="UnitTest.StoreUnitTest" time="0.002"/>
  <testcase name="testAddProduct_StoreExists" classname="UnitTest.StoreUnitTest" time="0.002"/>
</testsuite>