<?xml version="1.0" encoding="UTF-8"?>
<testsuite xmlns:xsi="http://www.w3.org/2001/XMLSchema-instance" xsi:noNamespaceSchemaLocation="https://maven.apache.org/surefire/maven-surefire-plugin/xsd/surefire-test-report-3.0.xsd" version="3.0" name="ConcurrencyTest.ConcurrencyTestImpl" time="5.105" tests="5" errors="0" skipped="0" failures="0">
  <properties>
[...]
</properties>
  <testcase name="testDelAndBuy" classname="ConcurrencyTest.ConcurrencyTestImpl" time="0.314">
    <system-err><![CDATA[Jun 19, 2024 1:56:36 PM DomainLayer.backend.Market setMarketOnline
INFO: market is Online
Jun 19, 2024 1:56:36 PM DomainLayer.backend.UserPackage.UserController addToGuestMap
INFO: guest user added successfully
Jun 19, 2024 1:56:36 PM DomainLayer.backend.UserPackage.UserController Register
INFO: username: essa, password: 1
Jun 19, 2024 1:56:36 PM DomainLayer.backend.UserPackage.UserController Login
INFO: guest: 0, username: essa, password: 1
Jun 19, 2024 1:56:36 PM DomainLayer.backend.UserPackage.UserController authenticate
INFO: username: essa, password: 1
Jun 19, 2024 1:56:36 PM DomainLayer.backend.UserPackage.UserController isRegistered
INFO: username: essa
Jun 19, 2024 1:56:36 PM DomainLayer.backend.UserPackage.UserController authenticate
INFO: authenticated
Jun 19, 2024 1:56:36 PM DomainLayer.backend.UserPackage.UserController Login
INFO: logged in successfully
Jun 19, 2024 1:56:36 PM DomainLayer.backend.UserPackage.UserController GuestExit
INFO: username: 0
Jun 19, 2024 1:56:36 PM DomainLayer.backend.UserPackage.UserController GuestExit
INFO: guest existed successfully
Jun 19, 2024 1:56:36 PM DomainLayer.backend.Market initStore
INFO: userName: essa, Description: desc
Jun 19, 2024 1:56:36 PM DomainLayer.backend.UserPackage.UserController isRegistered
INFO: username: essa
Jun 19, 2024 1:56:36 PM DomainLayer.backend.StorePackage.StoreController initStore
INFO: userName: essa, Description: desc
Jun 19, 2024 1:56:36 PM DomainLayer.backend.Permissions initStore
INFO: store added successfully
Jun 19, 2024 1:56:36 PM DomainLayer.backend.Permissions getPermission
INFO: Permission found
Jun 19, 2024 1:56:36 PM DomainLayer.backend.StorePackage.StoreController addProduct
INFO: productId: 0, storeId 0, price: 10.0, quantity: 1
Jun 19, 2024 1:56:36 PM DomainLayer.backend.StorePackage.StoreController getStore
INFO: storeID: 0
Jun 19, 2024 1:56:36 PM DomainLayer.backend.StorePackage.Store AddProduct
INFO: product added successfully
Jun 19, 2024 1:56:36 PM DomainLayer.backend.StorePackage.StoreController addProduct
INFO: Product added to store Successfully
Jun 19, 2024 1:56:36 PM DomainLayer.backend.UserPackage.UserController addToGuestMap
INFO: guest user added successfully
Jun 19, 2024 1:56:36 PM DomainLayer.backend.UserPackage.UserController Register
INFO: username: maged, password: 2
Jun 19, 2024 1:56:36 PM DomainLayer.backend.UserPackage.UserController Login
INFO: guest: 1, username: maged, password: 2
Jun 19, 2024 1:56:36 PM DomainLayer.backend.UserPackage.UserController authenticate
INFO: username: maged, password: 2
Jun 19, 2024 1:56:36 PM DomainLayer.backend.UserPackage.UserController isRegistered
INFO: username: maged
Jun 19, 2024 1:56:36 PM DomainLayer.backend.UserPackage.UserController authenticate
INFO: authenticated
Jun 19, 2024 1:56:36 PM DomainLayer.backend.UserPackage.UserController Login
INFO: logged in successfully
Jun 19, 2024 1:56:36 PM DomainLayer.backend.UserPackage.UserController GuestExit
INFO: username: 1
Jun 19, 2024 1:56:36 PM DomainLayer.backend.UserPackage.UserController GuestExit
INFO: guest existed successfully
Jun 19, 2024 1:56:36 PM DomainLayer.backend.UserPackage.UserController addToCart
INFO: username: maged, product: 0, quantity: 1
Jun 19, 2024 1:56:36 PM DomainLayer.backend.UserPackage.UserController getUser
INFO: username: maged
Jun 19, 2024 1:56:36 PM DomainLayer.backend.Basket addProduct
INFO: product added successfully
Jun 19, 2024 1:56:36 PM DomainLayer.backend.UserPackage.ShoppingCart addToCart
INFO: added to cart
Jun 19, 2024 1:56:36 PM DomainLayer.backend.UserPackage.User addToCart
INFO: added to cart
Jun 19, 2024 1:56:36 PM DomainLayer.backend.UserPackage.UserController Buy
INFO: username: maged
Jun 19, 2024 1:56:36 PM DomainLayer.backend.Permissions getPermission
INFO: Permission found
Jun 19, 2024 1:56:36 PM DomainLayer.backend.UserPackage.UserController getUser
INFO: username: maged
Jun 19, 2024 1:56:36 PM DomainLayer.backend.StorePackage.StoreController removeProduct
INFO: productId: 0, storeId 0
Jun 19, 2024 1:56:36 PM DomainLayer.backend.StorePackage.StoreController getStore
INFO: storeID: 0
Jun 19, 2024 1:56:36 PM DomainLayer.backend.StorePackage.StoreController getStore
INFO: storeID: 0
Jun 19, 2024 1:56:36 PM DomainLayer.backend.StorePackage.Store check
INFO: Basket's contents are available in the store
Jun 19, 2024 1:56:36 PM DomainLayer.backend.StorePackage.Store RemoveProduct
INFO: product removed successfully
Jun 19, 2024 1:56:36 PM DomainLayer.backend.StorePackage.Store getProdPrice
WARNING: Product doesn't appear to be the inventory of the store!
Jun 19, 2024 1:56:36 PM DomainLayer.backend.StorePackage.StoreController removeProduct
INFO: Product Removed from store Successfully
Jun 19, 2024 1:56:36 PM DomainLayer.backend.StorePackage.Store getProdWeight
WARNING: Product doesn't appear to be the inventory of the store!
Jun 19, 2024 1:56:36 PM DomainLayer.backend.StorePackage.Store subQuantity
INFO: Product's quantity subtracted successfully
Jun 19, 2024 1:56:36 PM DomainLayer.backend.UserPackage.UserController getUser
INFO: username: maged
Jun 19, 2024 1:56:36 PM DomainLayer.backend.Purchase <init>
INFO: Purchase captured!
Jun 19, 2024 1:56:36 PM DomainLayer.backend.PurchaseHistory addPurchase
INFO: Added purchase to store history: Store ID 0
Jun 19, 2024 1:56:36 PM DomainLayer.backend.PurchaseHistory addPurchase
INFO: Added purchase to user history: User ID maged
Jun 19, 2024 1:56:36 PM DomainLayer.backend.UserPackage.ShoppingCart Buy
INFO: Your purchase was successful
]]></system-err>
  </testcase>
  <testcase name="test2AssignManager" classname="ConcurrencyTest.ConcurrencyTestImpl" time="1.465">
    <system-err><![CDATA[Jun 19, 2024 1:56:36 PM DomainLayer.backend.Market setMarketOnline
INFO: market is Online
Jun 19, 2024 1:56:36 PM DomainLayer.backend.UserPackage.UserController addToGuestMap
INFO: guest user added successfully
Jun 19, 2024 1:56:36 PM DomainLayer.backend.UserPackage.UserController Register
INFO: username: essa, password: 1
Jun 19, 2024 1:56:36 PM DomainLayer.backend.UserPackage.UserController Login
INFO: guest: 0, username: essa, password: 1
Jun 19, 2024 1:56:36 PM DomainLayer.backend.UserPackage.UserController authenticate
INFO: username: essa, password: 1
Jun 19, 2024 1:56:36 PM DomainLayer.backend.UserPackage.UserController isRegistered
INFO: username: essa
Jun 19, 2024 1:56:36 PM DomainLayer.backend.UserPackage.UserController authenticate
INFO: authenticated
Jun 19, 2024 1:56:37 PM DomainLayer.backend.UserPackage.UserController Login
INFO: logged in successfully
Jun 19, 2024 1:56:37 PM DomainLayer.backend.UserPackage.UserController GuestExit
INFO: username: 0
Jun 19, 2024 1:56:37 PM DomainLayer.backend.UserPackage.UserController GuestExit
INFO: guest existed successfully
Jun 19, 2024 1:56:37 PM DomainLayer.backend.Market initStore
INFO: userName: essa, Description: desc
Jun 19, 2024 1:56:37 PM DomainLayer.backend.UserPackage.UserController isRegistered
INFO: username: essa
Jun 19, 2024 1:56:37 PM DomainLayer.backend.StorePackage.StoreController initStore
INFO: userName: essa, Description: desc
Jun 19, 2024 1:56:37 PM DomainLayer.backend.Permissions initStore
INFO: store added successfully
Jun 19, 2024 1:56:37 PM DomainLayer.backend.UserPackage.UserController addToGuestMap
INFO: guest user added successfully
Jun 19, 2024 1:56:37 PM DomainLayer.backend.UserPackage.UserController addToGuestMap
INFO: guest user added successfully
Jun 19, 2024 1:56:37 PM DomainLayer.backend.UserPackage.UserController Register
INFO: username: maged, password: 2
Jun 19, 2024 1:56:37 PM DomainLayer.backend.UserPackage.UserController Register
INFO: username: ola, password: 5
Jun 19, 2024 1:56:37 PM DomainLayer.backend.UserPackage.UserController Login
INFO: guest: 1, username: maged, password: 2
Jun 19, 2024 1:56:37 PM DomainLayer.backend.UserPackage.UserController authenticate
INFO: username: maged, password: 2
Jun 19, 2024 1:56:37 PM DomainLayer.backend.UserPackage.UserController isRegistered
INFO: username: maged
Jun 19, 2024 1:56:37 PM DomainLayer.backend.UserPackage.UserController authenticate
INFO: authenticated
Jun 19, 2024 1:56:37 PM DomainLayer.backend.UserPackage.UserController Login
INFO: logged in successfully
Jun 19, 2024 1:56:37 PM DomainLayer.backend.UserPackage.UserController GuestExit
INFO: username: 1
Jun 19, 2024 1:56:37 PM DomainLayer.backend.UserPackage.UserController GuestExit
INFO: guest existed successfully
Jun 19, 2024 1:56:37 PM DomainLayer.backend.UserPackage.UserController Login
INFO: guest: 2, username: ola, password: 5
Jun 19, 2024 1:56:37 PM DomainLayer.backend.UserPackage.UserController authenticate
INFO: username: ola, password: 5
Jun 19, 2024 1:56:37 PM DomainLayer.backend.UserPackage.UserController isRegistered
INFO: username: ola
Jun 19, 2024 1:56:37 PM DomainLayer.backend.UserPackage.UserController authenticate
INFO: authenticated
Jun 19, 2024 1:56:37 PM DomainLayer.backend.UserPackage.UserController Login
INFO: logged in successfully
Jun 19, 2024 1:56:37 PM DomainLayer.backend.UserPackage.UserController GuestExit
INFO: username: 2
Jun 19, 2024 1:56:37 PM DomainLayer.backend.UserPackage.UserController GuestExit
INFO: guest existed successfully
Jun 19, 2024 1:56:37 PM DomainLayer.backend.UserPackage.UserController AssignStoreOwner
INFO: ownerUserName: essa, username: magedstoreOwner: 0
Jun 19, 2024 1:56:37 PM DomainLayer.backend.UserPackage.UserController getUser
INFO: username: maged
Jun 19, 2024 1:56:37 PM DomainLayer.backend.NotificationPackage.DelayedNotifierDecorator send
INFO: User maged is offline. Saving message for later.
Jun 19, 2024 1:56:37 PM DomainLayer.backend.Permissions chooseNotifier
INFO: message stacked to maged
Jun 19, 2024 1:56:37 PM DomainLayer.backend.Permissions addPermission
INFO: Permission added to store
Jun 19, 2024 1:56:37 PM DomainLayer.backend.UserPackage.UserController AssignStoreManager
INFO: ownerUserName: essa, username: olastoreOwner: 0
Jun 19, 2024 1:56:37 PM DomainLayer.backend.UserPackage.UserController getUser
INFO: username: ola
Jun 19, 2024 1:56:37 PM DomainLayer.backend.NotificationPackage.DelayedNotifierDecorator send
INFO: User ola is offline. Saving message for later.
Jun 19, 2024 1:56:37 PM DomainLayer.backend.Permissions chooseNotifier
INFO: message stacked to ola
Jun 19, 2024 1:56:37 PM DomainLayer.backend.Permissions addPermission
INFO: Permission added to store
Jun 19, 2024 1:56:38 PM DomainLayer.backend.UserPackage.UserController AssignStoreManager
INFO: ownerUserName: maged, username: olastoreOwner: 0
Jun 19, 2024 1:56:38 PM DomainLayer.backend.Permissions addPermission
SEVERE: ola already exists
]]></system-err>
  </testcase>
  <testcase name="tess2UserBuy" classname="ConcurrencyTest.ConcurrencyTestImpl" time="1.501">
    <system-err><![CDATA[Jun 19, 2024 1:56:38 PM DomainLayer.backend.Market setMarketOnline
INFO: market is Online
Jun 19, 2024 1:56:38 PM DomainLayer.backend.UserPackage.UserController addToGuestMap
INFO: guest user added successfully
Jun 19, 2024 1:56:38 PM DomainLayer.backend.UserPackage.UserController Register
INFO: username: essa, password: 1
Jun 19, 2024 1:56:38 PM DomainLayer.backend.UserPackage.UserController Login
INFO: guest: 0, username: essa, password: 1
Jun 19, 2024 1:56:38 PM DomainLayer.backend.UserPackage.UserController authenticate
INFO: username: essa, password: 1
Jun 19, 2024 1:56:38 PM DomainLayer.backend.UserPackage.UserController isRegistered
INFO: username: essa
Jun 19, 2024 1:56:38 PM DomainLayer.backend.UserPackage.UserController authenticate
INFO: authenticated
Jun 19, 2024 1:56:38 PM DomainLayer.backend.UserPackage.UserController Login
INFO: logged in successfully
Jun 19, 2024 1:56:38 PM DomainLayer.backend.UserPackage.UserController GuestExit
INFO: username: 0
Jun 19, 2024 1:56:38 PM DomainLayer.backend.UserPackage.UserController GuestExit
INFO: guest existed successfully
Jun 19, 2024 1:56:38 PM DomainLayer.backend.Market initStore
INFO: userName: essa, Description: desc
Jun 19, 2024 1:56:38 PM DomainLayer.backend.UserPackage.UserController isRegistered
INFO: username: essa
Jun 19, 2024 1:56:38 PM DomainLayer.backend.StorePackage.StoreController initStore
INFO: userName: essa, Description: desc
Jun 19, 2024 1:56:38 PM DomainLayer.backend.Permissions initStore
INFO: store added successfully
Jun 19, 2024 1:56:38 PM DomainLayer.backend.Permissions getPermission
INFO: Permission found
Jun 19, 2024 1:56:38 PM DomainLayer.backend.StorePackage.StoreController addProduct
INFO: productId: 0, storeId 0, price: 10.0, quantity: 1
Jun 19, 2024 1:56:38 PM DomainLayer.backend.StorePackage.StoreController getStore
INFO: storeID: 0
Jun 19, 2024 1:56:38 PM DomainLayer.backend.StorePackage.Store AddProduct
INFO: product added successfully
Jun 19, 2024 1:56:38 PM DomainLayer.backend.StorePackage.StoreController addProduct
INFO: Product added to store Successfully
Jun 19, 2024 1:56:38 PM DomainLayer.backend.UserPackage.UserController addToGuestMap
INFO: guest user added successfully
Jun 19, 2024 1:56:38 PM DomainLayer.backend.UserPackage.UserController addToGuestMap
INFO: guest user added successfully
Jun 19, 2024 1:56:38 PM DomainLayer.backend.UserPackage.UserController Register
INFO: username: maged, password: 2
Jun 19, 2024 1:56:38 PM DomainLayer.backend.UserPackage.UserController Register
INFO: username: ola, password: 5
Jun 19, 2024 1:56:38 PM DomainLayer.backend.UserPackage.UserController Login
INFO: guest: 1, username: maged, password: 2
Jun 19, 2024 1:56:38 PM DomainLayer.backend.UserPackage.UserController authenticate
INFO: username: maged, password: 2
Jun 19, 2024 1:56:38 PM DomainLayer.backend.UserPackage.UserController isRegistered
INFO: username: maged
Jun 19, 2024 1:56:38 PM DomainLayer.backend.UserPackage.UserController authenticate
INFO: authenticated
Jun 19, 2024 1:56:38 PM DomainLayer.backend.UserPackage.UserController Login
INFO: logged in successfully
Jun 19, 2024 1:56:38 PM DomainLayer.backend.UserPackage.UserController GuestExit
INFO: username: 1
Jun 19, 2024 1:56:38 PM DomainLayer.backend.UserPackage.UserController GuestExit
INFO: guest existed successfully
Jun 19, 2024 1:56:38 PM DomainLayer.backend.UserPackage.UserController Login
INFO: guest: 2, username: ola, password: 5
Jun 19, 2024 1:56:38 PM DomainLayer.backend.UserPackage.UserController authenticate
INFO: username: ola, password: 5
Jun 19, 2024 1:56:38 PM DomainLayer.backend.UserPackage.UserController isRegistered
INFO: username: ola
Jun 19, 2024 1:56:38 PM DomainLayer.backend.UserPackage.UserController authenticate
INFO: authenticated
Jun 19, 2024 1:56:38 PM DomainLayer.backend.UserPackage.UserController Login
INFO: logged in successfully
Jun 19, 2024 1:56:38 PM DomainLayer.backend.UserPackage.UserController GuestExit
INFO: username: 2
Jun 19, 2024 1:56:38 PM DomainLayer.backend.UserPackage.UserController GuestExit
INFO: guest existed successfully
Jun 19, 2024 1:56:38 PM DomainLayer.backend.UserPackage.UserController addToCart
INFO: username: maged, product: 0, quantity: 1
Jun 19, 2024 1:56:38 PM DomainLayer.backend.UserPackage.UserController getUser
INFO: username: maged
Jun 19, 2024 1:56:38 PM DomainLayer.backend.Basket addProduct
INFO: product added successfully
Jun 19, 2024 1:56:38 PM DomainLayer.backend.UserPackage.ShoppingCart addToCart
INFO: added to cart
Jun 19, 2024 1:56:38 PM DomainLayer.backend.UserPackage.User addToCart
INFO: added to cart
Jun 19, 2024 1:56:38 PM DomainLayer.backend.UserPackage.UserController addToCart
INFO: username: ola, product: 0, quantity: 1
Jun 19, 2024 1:56:38 PM DomainLayer.backend.UserPackage.UserController getUser
INFO: username: ola
Jun 19, 2024 1:56:38 PM DomainLayer.backend.Basket addProduct
INFO: product added successfully
Jun 19, 2024 1:56:38 PM DomainLayer.backend.UserPackage.ShoppingCart addToCart
INFO: added to cart
Jun 19, 2024 1:56:38 PM DomainLayer.backend.UserPackage.User addToCart
INFO: added to cart
Jun 19, 2024 1:56:38 PM DomainLayer.backend.UserPackage.UserController Buy
INFO: username: maged
Jun 19, 2024 1:56:38 PM DomainLayer.backend.UserPackage.UserController Buy
INFO: username: ola
Jun 19, 2024 1:56:38 PM DomainLayer.backend.UserPackage.UserController getUser
INFO: username: maged
Jun 19, 2024 1:56:38 PM DomainLayer.backend.UserPackage.UserController getUser
INFO: username: ola
Jun 19, 2024 1:56:38 PM DomainLayer.backend.StorePackage.StoreController getStore
INFO: storeID: 0
Jun 19, 2024 1:56:38 PM DomainLayer.backend.StorePackage.StoreController getStore
INFO: storeID: 0
Jun 19, 2024 1:56:38 PM DomainLayer.backend.StorePackage.Store check
INFO: Basket's contents are available in the store
Jun 19, 2024 1:56:38 PM DomainLayer.backend.StorePackage.Store check
INFO: Basket's contents are available in the store
Jun 19, 2024 1:56:38 PM DomainLayer.backend.StorePackage.Store getProdPrice
INFO: Price of Product fetched successfully
Jun 19, 2024 1:56:38 PM DomainLayer.backend.StorePackage.Store getProdWeight
INFO: Weight of Product fetched successfully
Jun 19, 2024 1:56:38 PM DomainLayer.backend.StorePackage.Store subQuantity
INFO: Product's quantity subtracted successfully
Jun 19, 2024 1:56:38 PM DomainLayer.backend.UserPackage.UserController getUser
INFO: username: maged
Jun 19, 2024 1:56:38 PM DomainLayer.backend.Purchase <init>
INFO: Purchase captured!
Jun 19, 2024 1:56:38 PM DomainLayer.backend.PurchaseHistory addPurchase
INFO: Added purchase to store history: Store ID 0
Jun 19, 2024 1:56:38 PM DomainLayer.backend.PurchaseHistory addPurchase
INFO: Added purchase to user history: User ID maged
Jun 19, 2024 1:56:38 PM DomainLayer.backend.UserPackage.ShoppingCart Buy
INFO: Your purchase was successful
Jun 19, 2024 1:56:39 PM DomainLayer.backend.UserPackage.UserController getUser
INFO: username: ali
Jun 19, 2024 1:56:39 PM DomainLayer.backend.UserPackage.UserController getUser
SEVERE: username not found
Jun 19, 2024 1:56:39 PM DomainLayer.backend.StorePackage.Store getProdPrice
INFO: Price of Product fetched successfully
Jun 19, 2024 1:56:39 PM DomainLayer.backend.StorePackage.Store getProdWeight
INFO: Weight of Product fetched successfully
]]></system-err>
  </testcase>
  <testcase name="testcloseAndBuy" classname="ConcurrencyTest.ConcurrencyTestImpl" time="0.353">
    <system-err><![CDATA[Jun 19, 2024 1:56:39 PM DomainLayer.backend.Market setMarketOnline
INFO: market is Online
Jun 19, 2024 1:56:39 PM DomainLayer.backend.UserPackage.UserController addToGuestMap
INFO: guest user added successfully
Jun 19, 2024 1:56:39 PM DomainLayer.backend.UserPackage.UserController Register
INFO: username: essa, password: 1
Jun 19, 2024 1:56:39 PM DomainLayer.backend.UserPackage.UserController Login
INFO: guest: 0, username: essa, password: 1
Jun 19, 2024 1:56:39 PM DomainLayer.backend.UserPackage.UserController authenticate
INFO: username: essa, password: 1
Jun 19, 2024 1:56:39 PM DomainLayer.backend.UserPackage.UserController isRegistered
INFO: username: essa
Jun 19, 2024 1:56:39 PM DomainLayer.backend.UserPackage.UserController authenticate
INFO: authenticated
Jun 19, 2024 1:56:40 PM DomainLayer.backend.UserPackage.UserController Login
INFO: logged in successfully
Jun 19, 2024 1:56:40 PM DomainLayer.backend.UserPackage.UserController GuestExit
INFO: username: 0
Jun 19, 2024 1:56:40 PM DomainLayer.backend.UserPackage.UserController GuestExit
INFO: guest existed successfully
Jun 19, 2024 1:56:40 PM DomainLayer.backend.Market initStore
INFO: userName: essa, Description: desc
Jun 19, 2024 1:56:40 PM DomainLayer.backend.UserPackage.UserController isRegistered
INFO: username: essa
Jun 19, 2024 1:56:40 PM DomainLayer.backend.StorePackage.StoreController initStore
INFO: userName: essa, Description: desc
Jun 19, 2024 1:56:40 PM DomainLayer.backend.Permissions initStore
INFO: store added successfully
Jun 19, 2024 1:56:40 PM DomainLayer.backend.Permissions getPermission
INFO: Permission found
Jun 19, 2024 1:56:40 PM DomainLayer.backend.StorePackage.StoreController addProduct
INFO: productId: 0, storeId 0, price: 10.0, quantity: 1
Jun 19, 2024 1:56:40 PM DomainLayer.backend.StorePackage.StoreController getStore
INFO: storeID: 0
Jun 19, 2024 1:56:40 PM DomainLayer.backend.StorePackage.Store AddProduct
INFO: product added successfully
Jun 19, 2024 1:56:40 PM DomainLayer.backend.StorePackage.StoreController addProduct
INFO: Product added to store Successfully
Jun 19, 2024 1:56:40 PM DomainLayer.backend.UserPackage.UserController addToGuestMap
INFO: guest user added successfully
Jun 19, 2024 1:56:40 PM DomainLayer.backend.UserPackage.UserController Register
INFO: username: maged, password: 2
Jun 19, 2024 1:56:40 PM DomainLayer.backend.UserPackage.UserController Login
INFO: guest: 1, username: maged, password: 2
Jun 19, 2024 1:56:40 PM DomainLayer.backend.UserPackage.UserController authenticate
INFO: username: maged, password: 2
Jun 19, 2024 1:56:40 PM DomainLayer.backend.UserPackage.UserController isRegistered
INFO: username: maged
Jun 19, 2024 1:56:40 PM DomainLayer.backend.UserPackage.UserController authenticate
INFO: authenticated
Jun 19, 2024 1:56:40 PM DomainLayer.backend.UserPackage.UserController Login
INFO: logged in successfully
Jun 19, 2024 1:56:40 PM DomainLayer.backend.UserPackage.UserController GuestExit
INFO: username: 1
Jun 19, 2024 1:56:40 PM DomainLayer.backend.UserPackage.UserController GuestExit
INFO: guest existed successfully
Jun 19, 2024 1:56:40 PM DomainLayer.backend.UserPackage.UserController addToCart
INFO: username: maged, product: 0, quantity: 1
Jun 19, 2024 1:56:40 PM DomainLayer.backend.UserPackage.UserController getUser
INFO: username: maged
Jun 19, 2024 1:56:40 PM DomainLayer.backend.Basket addProduct
INFO: product added successfully
Jun 19, 2024 1:56:40 PM DomainLayer.backend.UserPackage.ShoppingCart addToCart
INFO: added to cart
Jun 19, 2024 1:56:40 PM DomainLayer.backend.UserPackage.User addToCart
INFO: added to cart
Jun 19, 2024 1:56:40 PM DomainLayer.backend.Permissions getPermission
INFO: Permission found
Jun 19, 2024 1:56:40 PM DomainLayer.backend.UserPackage.UserController Buy
INFO: username: maged
Jun 19, 2024 1:56:40 PM DomainLayer.backend.UserPackage.UserController getUser
INFO: username: maged
Jun 19, 2024 1:56:40 PM DomainLayer.backend.StorePackage.StoreController getStore
INFO: storeID: 0
Jun 19, 2024 1:56:40 PM DomainLayer.backend.StorePackage.Store check
INFO: Basket's contents are available in the store
Jun 19, 2024 1:56:40 PM DomainLayer.backend.StorePackage.Store getProdPrice
INFO: Price of Product fetched successfully
Jun 19, 2024 1:56:40 PM DomainLayer.backend.UserPackage.UserController getUser
INFO: username: essa
Jun 19, 2024 1:56:40 PM DomainLayer.backend.NotificationPackage.DelayedNotifierDecorator send
INFO: User essa is offline. Saving message for later.
Jun 19, 2024 1:56:40 PM DomainLayer.backend.StorePackage.Store getProdWeight
INFO: Weight of Product fetched successfully
Jun 19, 2024 1:56:40 PM DomainLayer.backend.Permissions chooseNotifier
INFO: message stacked to essa
Jun 19, 2024 1:56:40 PM DomainLayer.backend.StorePackage.Store subQuantity
INFO: Product's quantity subtracted successfully
Jun 19, 2024 1:56:40 PM DomainLayer.backend.StorePackage.StoreController closeStore
INFO: storeId: 0
Jun 19, 2024 1:56:40 PM DomainLayer.backend.UserPackage.UserController getUser
INFO: username: maged
Jun 19, 2024 1:56:40 PM DomainLayer.backend.StorePackage.StoreController getStore
INFO: storeID: 0
Jun 19, 2024 1:56:40 PM DomainLayer.backend.Purchase <init>
INFO: Purchase captured!
Jun 19, 2024 1:56:40 PM DomainLayer.backend.StorePackage.StoreController closeStore
INFO: Store Closed Successfuly
Jun 19, 2024 1:56:40 PM DomainLayer.backend.PurchaseHistory addPurchase
INFO: Added purchase to store history: Store ID 0
Jun 19, 2024 1:56:40 PM DomainLayer.backend.PurchaseHistory addPurchase
INFO: Added purchase to user history: User ID maged
Jun 19, 2024 1:56:40 PM DomainLayer.backend.UserPackage.ShoppingCart Buy
INFO: Your purchase was successful
]]></system-err>
  </testcase>
  <testcase name="test2AssignOwner" classname="ConcurrencyTest.ConcurrencyTestImpl" time="1.469">
    <system-err><![CDATA[Jun 19, 2024 1:56:40 PM DomainLayer.backend.Market setMarketOnline
INFO: market is Online
Jun 19, 2024 1:56:40 PM DomainLayer.backend.UserPackage.UserController addToGuestMap
INFO: guest user added successfully
Jun 19, 2024 1:56:40 PM DomainLayer.backend.UserPackage.UserController Register
INFO: username: essa, password: 1
Jun 19, 2024 1:56:40 PM DomainLayer.backend.UserPackage.UserController Login
INFO: guest: 0, username: essa, password: 1
Jun 19, 2024 1:56:40 PM DomainLayer.backend.UserPackage.UserController authenticate
INFO: username: essa, password: 1
Jun 19, 2024 1:56:40 PM DomainLayer.backend.UserPackage.UserController isRegistered
INFO: username: essa
Jun 19, 2024 1:56:40 PM DomainLayer.backend.UserPackage.UserController authenticate
INFO: authenticated
Jun 19, 2024 1:56:40 PM DomainLayer.backend.UserPackage.UserController Login
INFO: logged in successfully
Jun 19, 2024 1:56:40 PM DomainLayer.backend.UserPackage.UserController GuestExit
INFO: username: 0
Jun 19, 2024 1:56:40 PM DomainLayer.backend.UserPackage.UserController GuestExit
INFO: guest existed successfully
Jun 19, 2024 1:56:40 PM DomainLayer.backend.Market initStore
INFO: userName: essa, Description: desc
Jun 19, 2024 1:56:40 PM DomainLayer.backend.UserPackage.UserController isRegistered
INFO: username: essa
Jun 19, 2024 1:56:40 PM DomainLayer.backend.StorePackage.StoreController initStore
INFO: userName: essa, Description: desc
Jun 19, 2024 1:56:40 PM DomainLayer.backend.Permissions initStore
INFO: store added successfully
Jun 19, 2024 1:56:40 PM DomainLayer.backend.UserPackage.UserController addToGuestMap
INFO: guest user added successfully
Jun 19, 2024 1:56:40 PM DomainLayer.backend.UserPackage.UserController addToGuestMap
INFO: guest user added successfully
Jun 19, 2024 1:56:40 PM DomainLayer.backend.UserPackage.UserController Register
INFO: username: maged, password: 2
Jun 19, 2024 1:56:40 PM DomainLayer.backend.UserPackage.UserController Register
INFO: username: ola, password: 5
Jun 19, 2024 1:56:40 PM DomainLayer.backend.UserPackage.UserController Login
INFO: guest: 1, username: maged, password: 2
Jun 19, 2024 1:56:40 PM DomainLayer.backend.UserPackage.UserController authenticate
INFO: username: maged, password: 2
Jun 19, 2024 1:56:40 PM DomainLayer.backend.UserPackage.UserController isRegistered
INFO: username: maged
Jun 19, 2024 1:56:40 PM DomainLayer.backend.UserPackage.UserController authenticate
INFO: authenticated
Jun 19, 2024 1:56:40 PM DomainLayer.backend.UserPackage.UserController Login
INFO: logged in successfully
Jun 19, 2024 1:56:40 PM DomainLayer.backend.UserPackage.UserController GuestExit
INFO: username: 1
Jun 19, 2024 1:56:40 PM DomainLayer.backend.UserPackage.UserController GuestExit
INFO: guest existed successfully
Jun 19, 2024 1:56:40 PM DomainLayer.backend.UserPackage.UserController Login
INFO: guest: 2, username: ola, password: 5
Jun 19, 2024 1:56:40 PM DomainLayer.backend.UserPackage.UserController authenticate
INFO: username: ola, password: 5
Jun 19, 2024 1:56:40 PM DomainLayer.backend.UserPackage.UserController isRegistered
INFO: username: ola
Jun 19, 2024 1:56:40 PM DomainLayer.backend.UserPackage.UserController authenticate
INFO: authenticated
Jun 19, 2024 1:56:40 PM DomainLayer.backend.UserPackage.UserController Login
INFO: logged in successfully
Jun 19, 2024 1:56:40 PM DomainLayer.backend.UserPackage.UserController GuestExit
INFO: username: 2
Jun 19, 2024 1:56:40 PM DomainLayer.backend.UserPackage.UserController GuestExit
INFO: guest existed successfully
Jun 19, 2024 1:56:40 PM DomainLayer.backend.UserPackage.UserController AssignStoreOwner
INFO: ownerUserName: essa, username: magedstoreOwner: 0
Jun 19, 2024 1:56:40 PM DomainLayer.backend.UserPackage.UserController getUser
INFO: username: maged
Jun 19, 2024 1:56:40 PM DomainLayer.backend.NotificationPackage.DelayedNotifierDecorator send
INFO: User maged is offline. Saving message for later.
Jun 19, 2024 1:56:40 PM DomainLayer.backend.Permissions chooseNotifier
INFO: message stacked to maged
Jun 19, 2024 1:56:40 PM DomainLayer.backend.Permissions addPermission
INFO: Permission added to store
Jun 19, 2024 1:56:40 PM DomainLayer.backend.UserPackage.UserController AssignStoreOwner
INFO: ownerUserName: essa, username: olastoreOwner: 0
Jun 19, 2024 1:56:40 PM DomainLayer.backend.UserPackage.UserController getUser
INFO: username: ola
Jun 19, 2024 1:56:40 PM DomainLayer.backend.NotificationPackage.DelayedNotifierDecorator send
INFO: User ola is offline. Saving message for later.
Jun 19, 2024 1:56:40 PM DomainLayer.backend.Permissions chooseNotifier
INFO: message stacked to ola
Jun 19, 2024 1:56:40 PM DomainLayer.backend.Permissions addPermission
INFO: Permission added to store
Jun 19, 2024 1:56:41 PM DomainLayer.backend.UserPackage.UserController AssignStoreOwner
INFO: ownerUserName: maged, username: olastoreOwner: 0
Jun 19, 2024 1:56:41 PM DomainLayer.backend.Permissions addPermission
SEVERE: ola already exists
]]></system-err>
  </testcase>
</testsuite>