<?xml version="1.0" encoding="UTF-8"?>
<testsuite xmlns:xsi="http://www.w3.org/2001/XMLSchema-instance" xsi:noNamespaceSchemaLocation="https://maven.apache.org/surefire/maven-surefire-plugin/xsd/surefire-test-report-3.0.xsd" version="3.0" name="UnitTest.UserUnitTests" time="0.649" tests="23" errors="0" skipped="0" failures="0">
  <properties>
[...]
</properties>
  <testcase name="testBuy_UserNotExists" classname="UnitTest.UserUnitTests" time="0.051">
    <system-err><![CDATA[Jun 19, 2024 1:56:35 PM DomainLayer.backend.UserPackage.UserController Buy
INFO: username: nonExistentUser
Jun 19, 2024 1:56:35 PM DomainLayer.backend.UserPackage.UserController getUser
INFO: username: nonExistentUser
Jun 19, 2024 1:56:35 PM DomainLayer.backend.UserPackage.UserController getUser
SEVERE: username not found
Jun 19, 2024 1:56:35 PM DomainLayer.backend.UserPackage.UserController Buy
SEVERE: user not found
]]></system-err>
  </testcase>
  <testcase name="testLogin_IncorrectUsername" classname="UnitTest.UserUnitTests" time="0.004">
    <system-err><![CDATA[Jun 19, 2024 1:56:35 PM DomainLayer.backend.UserPackage.UserController Login
INFO: guest: 0, username: wrong, password: 123
Jun 19, 2024 1:56:35 PM DomainLayer.backend.UserPackage.UserController Login
SEVERE: username or password are incorrect
]]></system-err>
  </testcase>
  <testcase name="testLogin_Success" classname="UnitTest.UserUnitTests" time="0.206">
    <system-err><![CDATA[Jun 19, 2024 1:56:35 PM DomainLayer.backend.UserPackage.UserController Register
INFO: username: ali, password: 123
Jun 19, 2024 1:56:35 PM DomainLayer.backend.UserPackage.UserController Login
INFO: guest: 0, username: ali, password: 123
Jun 19, 2024 1:56:35 PM DomainLayer.backend.UserPackage.UserController authenticate
INFO: username: ali, password: 123
Jun 19, 2024 1:56:35 PM DomainLayer.backend.UserPackage.UserController isRegistered
INFO: username: ali
Jun 19, 2024 1:56:35 PM DomainLayer.backend.UserPackage.UserController authenticate
INFO: authenticated
Jun 19, 2024 1:56:35 PM DomainLayer.backend.UserPackage.UserController Login
INFO: logged in successfully
Jun 19, 2024 1:56:35 PM DomainLayer.backend.UserPackage.UserController GuestExit
INFO: username: 0
Jun 19, 2024 1:56:35 PM DomainLayer.backend.UserPackage.UserController GuestExit
INFO: guest existed successfully
]]></system-err>
  </testcase>
  <testcase name="testGuestExit_Success" classname="UnitTest.UserUnitTests" time="0.002">
    <system-err><![CDATA[Jun 19, 2024 1:56:35 PM DomainLayer.backend.UserPackage.UserController GuestExit
INFO: username: 0
Jun 19, 2024 1:56:35 PM DomainLayer.backend.UserPackage.UserController GuestExit
INFO: guest existed successfully
]]></system-err>
  </testcase>
  <testcase name="testBuy_RegUserExists" classname="UnitTest.UserUnitTests" time="0.017">
    <system-err><![CDATA[Jun 19, 2024 1:56:35 PM DomainLayer.backend.UserPackage.ShoppingCart addBasket
INFO: Basket added successfully
Jun 19, 2024 1:56:35 PM DomainLayer.backend.Basket addProduct
INFO: product added successfully
Jun 19, 2024 1:56:35 PM DomainLayer.backend.UserPackage.UserController Buy
INFO: username: ali
Jun 19, 2024 1:56:35 PM DomainLayer.backend.UserPackage.UserController getUser
INFO: username: ali
Jun 19, 2024 1:56:35 PM DomainLayer.backend.StorePackage.StoreController getStore
INFO: storeID: 0
Jun 19, 2024 1:56:35 PM DomainLayer.backend.StorePackage.Store check
INFO: Basket's contents are available in the store
Jun 19, 2024 1:56:35 PM DomainLayer.backend.StorePackage.Store getProdPrice
INFO: Price of Product fetched successfully
Jun 19, 2024 1:56:35 PM DomainLayer.backend.StorePackage.Store getProdWeight
INFO: Weight of Product fetched successfully
Jun 19, 2024 1:56:35 PM DomainLayer.backend.StorePackage.Store subQuantity
INFO: Product's quantity subtracted successfully
Jun 19, 2024 1:56:35 PM DomainLayer.backend.UserPackage.UserController getUser
INFO: username: ali
Jun 19, 2024 1:56:35 PM DomainLayer.backend.Purchase <init>
INFO: Purchase captured!
Jun 19, 2024 1:56:35 PM DomainLayer.backend.PurchaseHistory addPurchase
INFO: Added purchase to store history: Store ID 0
Jun 19, 2024 1:56:35 PM DomainLayer.backend.PurchaseHistory addPurchase
INFO: Added purchase to user history: User ID ali
Jun 19, 2024 1:56:35 PM DomainLayer.backend.UserPackage.ShoppingCart Buy
INFO: Your purchase was successful
]]></system-err>
  </testcase>
  <testcase name="inspectCartTest" classname="UnitTest.UserUnitTests" time="0.003">
    <system-err><![CDATA[Jun 19, 2024 1:56:35 PM DomainLayer.backend.UserPackage.UserController inspectCart
INFO: username: ali
Jun 19, 2024 1:56:35 PM DomainLayer.backend.UserPackage.UserController getUser
INFO: username: ali
]]></system-err>
  </testcase>
  <testcase name="testGetUser_UserNotExists" classname="UnitTest.UserUnitTests" time="0.002">
    <system-err><![CDATA[Jun 19, 2024 1:56:35 PM DomainLayer.backend.UserPackage.UserController getUser
INFO: username: nonExistentUser
Jun 19, 2024 1:56:35 PM DomainLayer.backend.UserPackage.UserController getUser
SEVERE: username not found
]]></system-err>
  </testcase>
  <testcase name="testBuy_GuestUserExists" classname="UnitTest.UserUnitTests" time="0.005">
    <system-err><![CDATA[Jun 19, 2024 1:56:35 PM DomainLayer.backend.UserPackage.ShoppingCart addBasket
INFO: Basket added successfully
Jun 19, 2024 1:56:35 PM DomainLayer.backend.Basket addProduct
INFO: product added successfully
Jun 19, 2024 1:56:35 PM DomainLayer.backend.UserPackage.UserController Buy
INFO: username: 0
Jun 19, 2024 1:56:35 PM DomainLayer.backend.UserPackage.UserController getUser
INFO: username: 0
Jun 19, 2024 1:56:35 PM DomainLayer.backend.StorePackage.StoreController getStore
INFO: storeID: 0
Jun 19, 2024 1:56:35 PM DomainLayer.backend.StorePackage.Store check
INFO: Basket's contents are available in the store
Jun 19, 2024 1:56:35 PM DomainLayer.backend.StorePackage.Store getProdPrice
INFO: Price of Product fetched successfully
Jun 19, 2024 1:56:35 PM DomainLayer.backend.StorePackage.Store getProdWeight
INFO: Weight of Product fetched successfully
Jun 19, 2024 1:56:35 PM DomainLayer.backend.StorePackage.Store subQuantity
INFO: Product's quantity subtracted successfully
Jun 19, 2024 1:56:35 PM DomainLayer.backend.UserPackage.UserController getUser
INFO: username: 0
Jun 19, 2024 1:56:35 PM DomainLayer.backend.Purchase <init>
INFO: Purchase captured!
Jun 19, 2024 1:56:35 PM DomainLayer.backend.PurchaseHistory addPurchase
INFO: Added purchase to store history: Store ID 0
Jun 19, 2024 1:56:35 PM DomainLayer.backend.PurchaseHistory addPurchase
INFO: Added purchase to user history: User ID 0
Jun 19, 2024 1:56:35 PM DomainLayer.backend.UserPackage.ShoppingCart Buy
INFO: Your purchase was successful
]]></system-err>
  </testcase>
  <testcase name="testGuestExit_Failure" classname="UnitTest.UserUnitTests" time="0.001">
    <system-err><![CDATA[Jun 19, 2024 1:56:35 PM DomainLayer.backend.UserPackage.UserController GuestExit
INFO: username: nonExistentUser
Jun 19, 2024 1:56:35 PM DomainLayer.backend.UserPackage.UserController GuestExit
SEVERE: guest user cannot be deleted
]]></system-err>
  </testcase>
  <testcase name="testLogin_IncorrectPassword" classname="UnitTest.UserUnitTests" time="0.004">
    <system-out><![CDATA[13:56:35.569 [main] WARN org.springframework.security.crypto.bcrypt.BCryptPasswordEncoder -- Encoded password does not look like BCrypt
]]></system-out>
    <system-err><![CDATA[Jun 19, 2024 1:56:35 PM DomainLayer.backend.UserPackage.UserController Login
INFO: guest: 0, username: ali, password: 11111
Jun 19, 2024 1:56:35 PM DomainLayer.backend.UserPackage.UserController authenticate
INFO: username: ali, password: 11111
Jun 19, 2024 1:56:35 PM DomainLayer.backend.UserPackage.UserController isRegistered
INFO: username: ali
Jun 19, 2024 1:56:35 PM DomainLayer.backend.UserPackage.UserController authenticate
INFO: authenticated
Jun 19, 2024 1:56:35 PM DomainLayer.backend.UserPackage.UserController Login
SEVERE: username or password are incorrect
]]></system-err>
  </testcase>
  <testcase name="testGetUser_RegisteredUserExists" classname="UnitTest.UserUnitTests" time="0.002">
    <system-err><![CDATA[Jun 19, 2024 1:56:35 PM DomainLayer.backend.UserPackage.UserController getUser
INFO: username: registeredUser
]]></system-err>
  </testcase>
  <testcase name="testLogout_UserNotFound" classname="UnitTest.UserUnitTests" time="0.001"/>
  <testcase name="testIsRegistered_UserIsRegistered" classname="UnitTest.UserUnitTests" time="0.002">
    <system-err><![CDATA[Jun 19, 2024 1:56:35 PM DomainLayer.backend.UserPackage.UserController isRegistered
INFO: username: ali
]]></system-err>
  </testcase>
  <testcase name="testGetUser_GuestUserExists" classname="UnitTest.UserUnitTests" time="0.002">
    <system-err><![CDATA[Jun 19, 2024 1:56:35 PM DomainLayer.backend.UserPackage.UserController getUser
INFO: username: guestUser
]]></system-err>
  </testcase>
  <testcase name="removeCartItemTest1" classname="UnitTest.UserUnitTests" time="0.005">
    <system-err><![CDATA[Jun 19, 2024 1:56:35 PM DomainLayer.backend.UserPackage.UserController removeCartItem
INFO: username: ali, product: 0, storeId: 0
Jun 19, 2024 1:56:35 PM DomainLayer.backend.UserPackage.UserController getUser
INFO: username: ali
Jun 19, 2024 1:56:35 PM DomainLayer.backend.UserPackage.ShoppingCart removeCartItem
SEVERE: no such item
]]></system-err>
  </testcase>
  <testcase name="removeCartItemTest2" classname="UnitTest.UserUnitTests" time="0.003">
    <system-err><![CDATA[Jun 19, 2024 1:56:35 PM DomainLayer.backend.Basket addProduct
INFO: product added successfully
Jun 19, 2024 1:56:35 PM DomainLayer.backend.UserPackage.UserController removeCartItem
INFO: username: ali, product: 0, storeId: 0
Jun 19, 2024 1:56:35 PM DomainLayer.backend.UserPackage.UserController getUser
INFO: username: ali
Jun 19, 2024 1:56:35 PM DomainLayer.backend.Basket removeItem
INFO: item removed successfully
]]></system-err>
  </testcase>
  <testcase name="testAddToCart" classname="UnitTest.UserUnitTests" time="0.01">
    <system-err><![CDATA[Jun 19, 2024 1:56:35 PM DomainLayer.backend.UserPackage.UserController addToCart
INFO: username: ali, product: 0, quantity: 5
Jun 19, 2024 1:56:35 PM DomainLayer.backend.UserPackage.UserController getUser
INFO: username: ali
Jun 19, 2024 1:56:35 PM DomainLayer.backend.Basket addProduct
INFO: product added successfully
Jun 19, 2024 1:56:35 PM DomainLayer.backend.UserPackage.ShoppingCart addToCart
INFO: added to cart
Jun 19, 2024 1:56:35 PM DomainLayer.backend.UserPackage.User addToCart
INFO: added to cart
]]></system-err>
  </testcase>
  <testcase name="testRegister_Success" classname="UnitTest.UserUnitTests" time="0.077">
    <system-err><![CDATA[Jun 19, 2024 1:56:35 PM DomainLayer.backend.UserPackage.UserController Register
INFO: username: newUser, password: password123
]]></system-err>
  </testcase>
  <testcase name="testEnterAsGuest1" classname="UnitTest.UserUnitTests" time="0.001">
    <system-err><![CDATA[Jun 19, 2024 1:56:35 PM DomainLayer.backend.UserPackage.UserController addToGuestMap
INFO: guest user added successfully
]]></system-err>
  </testcase>
  <testcase name="testEnterAsGuest2" classname="UnitTest.UserUnitTests" time="0.003">
    <system-err><![CDATA[Jun 19, 2024 1:56:35 PM DomainLayer.backend.UserPackage.UserController addToGuestMap
INFO: guest user added successfully
Jun 19, 2024 1:56:35 PM DomainLayer.backend.UserPackage.UserController addToGuestMap
INFO: guest user added successfully
Jun 19, 2024 1:56:35 PM DomainLayer.backend.UserPackage.UserController addToGuestMap
INFO: guest user added successfully
Jun 19, 2024 1:56:35 PM DomainLayer.backend.UserPackage.UserController addToGuestMap
INFO: guest user added successfully
]]></system-err>
  </testcase>
  <testcase name="testLogout_Success" classname="UnitTest.UserUnitTests" time="0.077">
    <system-err><![CDATA[Jun 19, 2024 1:56:35 PM DomainLayer.backend.UserPackage.UserController Register
INFO: username: ali, password: 123
Jun 19, 2024 1:56:35 PM DomainLayer.backend.UserPackage.UserController addToGuestMap
INFO: guest user added successfully
]]></system-err>
  </testcase>
  <testcase name="testIsRegistered_UserIsNotRegistered" classname="UnitTest.UserUnitTests" time="0.003">
    <system-err><![CDATA[Jun 19, 2024 1:56:35 PM DomainLayer.backend.UserPackage.UserController isRegistered
INFO: username: nonExistentUser
Jun 19, 2024 1:56:35 PM DomainLayer.backend.UserPackage.UserController isRegistered
SEVERE: nonExistentUser is not registered
]]></system-err>
  </testcase>
  <testcase name="testRegister_UsernameExists" classname="UnitTest.UserUnitTests" time="0.152">
    <system-err><![CDATA[Jun 19, 2024 1:56:35 PM DomainLayer.backend.UserPackage.UserController Register
INFO: username: existingUser, password: password123
Jun 19, 2024 1:56:35 PM DomainLayer.backend.UserPackage.UserController Register
INFO: username: existingUser, password: password123
Jun 19, 2024 1:56:35 PM DomainLayer.backend.UserPackage.UserController Register
SEVERE: username already exists
]]></system-err>
  </testcase>
</testsuite>