<?xml version="1.0" encoding="UTF-8"?>
<testsuite xmlns:xsi="http://www.w3.org/2001/XMLSchema-instance" xsi:noNamespaceSchemaLocation="https://maven.apache.org/surefire/maven-surefire-plugin/xsd/surefire-test-report.xsd" name="UnitTest.UserUnitTests" time="0.32" tests="23" errors="2" skipped="0" failures="9">
  <properties>
[...]
</properties>
  <testcase name="testBuy_UserNotExists" classname="UnitTest.UserUnitTests" time="0.037"/>
  <testcase name="testLogin_IncorrectUsername" classname="UnitTest.UserUnitTests" time="0.002"/>
  <testcase name="testLogin_Success" classname="UnitTest.UserUnitTests" time="0.012">
    <failure message="Exception should not be thrown: username or password are incorrect" type="org.opentest4j.AssertionFailedError">org.opentest4j.AssertionFailedError: Exception should not be thrown: username or password are incorrect
	at UnitTest.UserUnitTests.testLogin_Success(UserUnitTests.java:85)
</failure>
    <system-err><![CDATA[Jun 10, 2024 6:09:55 PM DomainLayer.backend.UserPackage.UserController Login
INFO: guest: 0, username: ali, password: 123
Jun 10, 2024 6:09:55 PM DomainLayer.backend.UserPackage.UserController authenticate
INFO: username: ali, password: 123
Jun 10, 2024 6:09:55 PM DomainLayer.backend.UserPackage.UserController isRegistered
INFO: username: ali
Jun 10, 2024 6:09:55 PM DomainLayer.backend.UserPackage.UserController authenticate
INFO: authenticated
Jun 10, 2024 6:09:55 PM org.springframework.security.crypto.bcrypt.BCryptPasswordEncoder matches
WARNING: Encoded password does not look like BCrypt
Jun 10, 2024 6:09:55 PM DomainLayer.backend.UserPackage.UserController Login
SEVERE: username or password are incorrect
]]></system-err>
  </testcase>
  <testcase name="testGuestExit_Success" classname="UnitTest.UserUnitTests" time="0.003"/>
  <testcase name="testBuy_RegUserExists" classname="UnitTest.UserUnitTests" time="0.011">
    <failure message="Exception should not be thrown: Cannot invoke &quot;DomainLayer.backend.StorePackage.Store.check(java.util.Map)&quot; because &quot;store&quot; is null" type="org.opentest4j.AssertionFailedError">org.opentest4j.AssertionFailedError: Exception should not be thrown: Cannot invoke "DomainLayer.backend.StorePackage.Store.check(java.util.Map)" because "store" is null
	at UnitTest.UserUnitTests.testBuy_RegUserExists(UserUnitTests.java:198)
</failure>
    <system-err><![CDATA[Jun 10, 2024 6:09:55 PM DomainLayer.backend.UserPackage.ShoppingCart addBasket
INFO: Basket added successfully
Jun 10, 2024 6:09:55 PM DomainLayer.backend.Basket addProduct
INFO: product added successfully
Jun 10, 2024 6:09:55 PM DomainLayer.backend.UserPackage.UserController Buy
INFO: username: 0
Jun 10, 2024 6:09:55 PM DomainLayer.backend.UserPackage.UserController getUser
INFO: username: 0
Jun 10, 2024 6:09:55 PM DomainLayer.backend.StorePackage.StoreController getStore
INFO: storeID: 0
Jun 10, 2024 6:09:55 PM DomainLayer.backend.StorePackage.StoreController getStore
SEVERE: Trying to retrieve A non existing StoreID
]]></system-err>
  </testcase>
  <testcase name="inspectCartTest" classname="UnitTest.UserUnitTests" time="0.003"/>
  <testcase name="testGetUser_UserNotExists" classname="UnitTest.UserUnitTests" time="0.003"/>
  <testcase name="testBuy_GuestUserExists" classname="UnitTest.UserUnitTests" time="0.004">
    <failure message="Exception should not be thrown: Cannot invoke &quot;DomainLayer.backend.StorePackage.Store.check(java.util.Map)&quot; because &quot;store&quot; is null" type="org.opentest4j.AssertionFailedError">org.opentest4j.AssertionFailedError: Exception should not be thrown: Cannot invoke "DomainLayer.backend.StorePackage.Store.check(java.util.Map)" because "store" is null
	at UnitTest.UserUnitTests.testBuy_GuestUserExists(UserUnitTests.java:182)
</failure>
    <system-err><![CDATA[Jun 10, 2024 6:09:55 PM DomainLayer.backend.UserPackage.ShoppingCart addBasket
INFO: Basket added successfully
Jun 10, 2024 6:09:55 PM DomainLayer.backend.Basket addProduct
INFO: product added successfully
Jun 10, 2024 6:09:55 PM DomainLayer.backend.UserPackage.UserController Buy
INFO: username: ali
Jun 10, 2024 6:09:55 PM DomainLayer.backend.UserPackage.UserController getUser
INFO: username: ali
Jun 10, 2024 6:09:55 PM DomainLayer.backend.StorePackage.StoreController getStore
INFO: storeID: 0
Jun 10, 2024 6:09:55 PM DomainLayer.backend.StorePackage.StoreController getStore
SEVERE: Trying to retrieve A non existing StoreID
]]></system-err>
  </testcase>
  <testcase name="testGuestExit_Failure" classname="UnitTest.UserUnitTests" time="0.002"/>
  <testcase name="testLogin_IncorrectPassword" classname="UnitTest.UserUnitTests" time="0.008"/>
  <testcase name="testGetUser_RegisteredUserExists" classname="UnitTest.UserUnitTests" time="0.003"/>
  <testcase name="testLogout_UserNotFound" classname="UnitTest.UserUnitTests" time="0.001">
    <failure message="expected: &lt;guest user cannot be added&gt; but was: &lt;Cannot invoke &quot;DomainLayer.backend.UserPackage.User.setLoggedIn(boolean)&quot; because the return value of &quot;java.util.HashMap.get(Object)&quot; is null&gt;" type="org.opentest4j.AssertionFailedError"><![CDATA[org.opentest4j.AssertionFailedError: expected: <guest user cannot be added> but was: <Cannot invoke "DomainLayer.backend.UserPackage.User.setLoggedIn(boolean)" because the return value of "java.util.HashMap.get(Object)" is null>
	at UnitTest.UserUnitTests.testLogout_UserNotFound(UserUnitTests.java:134)
]]></failure>
  </testcase>
  <testcase name="testIsRegistered_UserIsRegistered" classname="UnitTest.UserUnitTests" time="0.001"/>
  <testcase name="testGetUser_GuestUserExists" classname="UnitTest.UserUnitTests" time="0.002"/>
  <testcase name="removeCartItemTest1" classname="UnitTest.UserUnitTests" time="0.003"/>
  <testcase name="removeCartItemTest2" classname="UnitTest.UserUnitTests" time="0.004">
    <failure message="expected: &lt;true&gt; but was: &lt;false&gt;" type="org.opentest4j.AssertionFailedError"><![CDATA[org.opentest4j.AssertionFailedError: expected: <true> but was: <false>
	at UnitTest.UserUnitTests.removeCartItemTest2(UserUnitTests.java:272)
]]></failure>
    <system-err><![CDATA[Jun 10, 2024 6:09:55 PM DomainLayer.backend.UserPackage.UserController removeCartItem
INFO: username: ali, product: 0, storeId: 0
Jun 10, 2024 6:09:55 PM DomainLayer.backend.UserPackage.UserController getUser
INFO: username: ali
Jun 10, 2024 6:09:55 PM DomainLayer.backend.Basket removeItem
SEVERE: couldn't find item
]]></system-err>
  </testcase>
  <testcase name="testAddToCart" classname="UnitTest.UserUnitTests" time="0.005">
    <failure message="expected: &lt;true&gt; but was: &lt;false&gt;" type="org.opentest4j.AssertionFailedError"><![CDATA[org.opentest4j.AssertionFailedError: expected: <true> but was: <false>
	at UnitTest.UserUnitTests.testAddToCart(UserUnitTests.java:244)
]]></failure>
    <system-err><![CDATA[Jun 10, 2024 6:09:55 PM DomainLayer.backend.UserPackage.UserController addToCart
INFO: username: ali, product: 0, quantity: 5
Jun 10, 2024 6:09:55 PM DomainLayer.backend.UserPackage.UserController getUser
INFO: username: ali
Jun 10, 2024 6:09:55 PM DomainLayer.backend.Basket addProduct
INFO: product added successfully
Jun 10, 2024 6:09:55 PM DomainLayer.backend.UserPackage.ShoppingCart addToCart
INFO: added to cart
Jun 10, 2024 6:09:55 PM DomainLayer.backend.UserPackage.User addToCart
INFO: added to cart
]]></system-err>
  </testcase>
  <testcase name="testRegister_Success" classname="UnitTest.UserUnitTests" time="0.121">
    <failure message="Exception should not be thrown: guest user cannot be added" type="org.opentest4j.AssertionFailedError">org.opentest4j.AssertionFailedError: Exception should not be thrown: guest user cannot be added
	at UnitTest.UserUnitTests.testRegister_Success(UserUnitTests.java:149)
</failure>
    <system-err><![CDATA[Jun 10, 2024 6:09:55 PM DomainLayer.backend.UserPackage.UserController Register
INFO: username: newUser, password: password123
Jun 10, 2024 6:09:56 PM DomainLayer.backend.UserPackage.UserController addToRegUserMap
SEVERE: guest user cannot be added
]]></system-err>
  </testcase>
  <testcase name="testEnterAsGuest1" classname="UnitTest.UserUnitTests" time="0.002">
    <error message="guest user cannot be added" type="java.lang.Exception">java.lang.Exception: guest user cannot be added
	at UnitTest.UserUnitTests.testEnterAsGuest1(UserUnitTests.java:36)
</error>
    <system-err><![CDATA[Jun 10, 2024 6:09:56 PM DomainLayer.backend.UserPackage.UserController addToGuestMap
SEVERE: guest user cannot be added
]]></system-err>
  </testcase>
  <testcase name="testEnterAsGuest2" classname="UnitTest.UserUnitTests" time="0.001">
    <error message="guest user cannot be added" type="java.lang.Exception">java.lang.Exception: guest user cannot be added
	at UnitTest.UserUnitTests.testEnterAsGuest2(UserUnitTests.java:43)
</error>
    <system-err><![CDATA[Jun 10, 2024 6:09:56 PM DomainLayer.backend.UserPackage.UserController addToGuestMap
SEVERE: guest user cannot be added
]]></system-err>
  </testcase>
  <testcase name="testLogout_Success" classname="UnitTest.UserUnitTests" time="0.002">
    <failure message="Exception should not be thrown: guest user cannot be added" type="org.opentest4j.AssertionFailedError">org.opentest4j.AssertionFailedError: Exception should not be thrown: guest user cannot be added
	at UnitTest.UserUnitTests.testLogout_Success(UserUnitTests.java:123)
</failure>
    <system-err><![CDATA[Jun 10, 2024 6:09:56 PM DomainLayer.backend.UserPackage.UserController addToGuestMap
SEVERE: guest user cannot be added
]]></system-err>
  </testcase>
  <testcase name="testIsRegistered_UserIsNotRegistered" classname="UnitTest.UserUnitTests" time="0.004"/>
  <testcase name="testRegister_UsernameExists" classname="UnitTest.UserUnitTests" time="0.078">
    <failure message="Exception should not be thrown: guest user cannot be added" type="org.opentest4j.AssertionFailedError">org.opentest4j.AssertionFailedError: Exception should not be thrown: guest user cannot be added
	at UnitTest.UserUnitTests.testRegister_UsernameExists(UserUnitTests.java:160)
</failure>
    <system-err><![CDATA[Jun 10, 2024 6:09:56 PM DomainLayer.backend.UserPackage.UserController Register
INFO: username: existingUser, password: password123
Jun 10, 2024 6:09:56 PM DomainLayer.backend.UserPackage.UserController addToRegUserMap
SEVERE: guest user cannot be added
]]></system-err>
  </testcase>
</testsuite>