<?xml version="1.0" encoding="UTF-8"?>
<testsuite xmlns:xsi="http://www.w3.org/2001/XMLSchema-instance" xsi:noNamespaceSchemaLocation="https://maven.apache.org/surefire/maven-surefire-plugin/xsd/surefire-test-report-3.0.xsd" version="3.0" name="UnitTest.MarketUnitTest" time="0.634" tests="12" errors="0" skipped="0" failures="0">
  <properties>
[...]
</properties>
  <testcase name="testSetMarketOnline_NotSystemManager" classname="UnitTest.MarketUnitTest" time="0.001">
    <system-err><![CDATA[Jun 19, 2024 1:56:35 PM DomainLayer.backend.Market setMarketOnline
SEVERE: only system managers can change market's activity
]]></system-err>
  </testcase>
  <testcase name="testsuspendUser1" classname="UnitTest.MarketUnitTest" time="0.079">
    <system-err><![CDATA[Jun 19, 2024 1:56:35 PM DomainLayer.backend.Market setMarketOnline
INFO: market is Online
Jun 19, 2024 1:56:35 PM DomainLayer.backend.UserPackage.UserController addToGuestMap
INFO: guest user added successfully
Jun 19, 2024 1:56:35 PM DomainLayer.backend.UserPackage.UserController Register
INFO: username: ali, password: 123
Jun 19, 2024 1:56:36 PM DomainLayer.backend.UserPackage.UserController getUser
INFO: username: ali
Jun 19, 2024 1:56:36 PM DomainLayer.backend.NotificationPackage.DelayedNotifierDecorator send
INFO: User ali is offline. Saving message for later.
Jun 19, 2024 1:56:36 PM DomainLayer.backend.Permissions chooseNotifier
INFO: message stacked to ali
]]></system-err>
  </testcase>
  <testcase name="testsuspendUser2" classname="UnitTest.MarketUnitTest" time="0.078">
    <system-err><![CDATA[Jun 19, 2024 1:56:36 PM DomainLayer.backend.Market setMarketOnline
INFO: market is Online
Jun 19, 2024 1:56:36 PM DomainLayer.backend.UserPackage.UserController addToGuestMap
INFO: guest user added successfully
Jun 19, 2024 1:56:36 PM DomainLayer.backend.UserPackage.UserController Register
INFO: username: ali, password: 123
]]></system-err>
  </testcase>
  <testcase name="testsuspendUserSec2" classname="UnitTest.MarketUnitTest" time="0.076">
    <system-err><![CDATA[Jun 19, 2024 1:56:36 PM DomainLayer.backend.Market setMarketOnline
INFO: market is Online
Jun 19, 2024 1:56:36 PM DomainLayer.backend.UserPackage.UserController addToGuestMap
INFO: guest user added successfully
Jun 19, 2024 1:56:36 PM DomainLayer.backend.UserPackage.UserController Register
INFO: username: ali, password: 123
]]></system-err>
  </testcase>
  <testcase name="testViewSuspended" classname="UnitTest.MarketUnitTest" time="0.078">
    <system-err><![CDATA[Jun 19, 2024 1:56:36 PM DomainLayer.backend.Market setMarketOnline
INFO: market is Online
Jun 19, 2024 1:56:36 PM DomainLayer.backend.UserPackage.UserController addToGuestMap
INFO: guest user added successfully
Jun 19, 2024 1:56:36 PM DomainLayer.backend.UserPackage.UserController Register
INFO: username: ali, password: 123
Jun 19, 2024 1:56:36 PM DomainLayer.backend.UserPackage.UserController getUser
INFO: username: ali
Jun 19, 2024 1:56:36 PM DomainLayer.backend.NotificationPackage.DelayedNotifierDecorator send
INFO: User ali is offline. Saving message for later.
Jun 19, 2024 1:56:36 PM DomainLayer.backend.Permissions chooseNotifier
INFO: message stacked to ali
]]></system-err>
  </testcase>
  <testcase name="testSuspendSec1" classname="UnitTest.MarketUnitTest" time="0.081">
    <system-err><![CDATA[Jun 19, 2024 1:56:36 PM DomainLayer.backend.Market setMarketOnline
INFO: market is Online
Jun 19, 2024 1:56:36 PM DomainLayer.backend.UserPackage.UserController addToGuestMap
INFO: guest user added successfully
Jun 19, 2024 1:56:36 PM DomainLayer.backend.UserPackage.UserController Register
INFO: username: ali, password: 123
Jun 19, 2024 1:56:36 PM DomainLayer.backend.UserPackage.UserController getUser
INFO: username: ali
Jun 19, 2024 1:56:36 PM DomainLayer.backend.NotificationPackage.DelayedNotifierDecorator send
INFO: User ali is offline. Saving message for later.
Jun 19, 2024 1:56:36 PM DomainLayer.backend.Permissions chooseNotifier
INFO: message stacked to ali
]]></system-err>
  </testcase>
  <testcase name="testSetMarketOFFLINE_Success" classname="UnitTest.MarketUnitTest" time="0.002">
    <system-err><![CDATA[Jun 19, 2024 1:56:36 PM DomainLayer.backend.Market setMarketOFFLINE
INFO: market is OFFLINE
]]></system-err>
  </testcase>
  <testcase name="testResUSer1" classname="UnitTest.MarketUnitTest" time="0.078">
    <system-err><![CDATA[Jun 19, 2024 1:56:36 PM DomainLayer.backend.Market setMarketOnline
INFO: market is Online
Jun 19, 2024 1:56:36 PM DomainLayer.backend.UserPackage.UserController addToGuestMap
INFO: guest user added successfully
Jun 19, 2024 1:56:36 PM DomainLayer.backend.UserPackage.UserController Register
INFO: username: ali, password: 123
Jun 19, 2024 1:56:36 PM DomainLayer.backend.UserPackage.UserController getUser
INFO: username: ali
Jun 19, 2024 1:56:36 PM DomainLayer.backend.NotificationPackage.DelayedNotifierDecorator send
INFO: User ali is offline. Saving message for later.
Jun 19, 2024 1:56:36 PM DomainLayer.backend.Permissions chooseNotifier
INFO: message stacked to ali
Jun 19, 2024 1:56:36 PM DomainLayer.backend.UserPackage.UserController getUser
INFO: username: ali
Jun 19, 2024 1:56:36 PM DomainLayer.backend.NotificationPackage.DelayedNotifierDecorator send
INFO: User ali is offline. Saving message for later.
Jun 19, 2024 1:56:36 PM DomainLayer.backend.Permissions chooseNotifier
INFO: message stacked to ali
]]></system-err>
  </testcase>
  <testcase name="testResUSer2" classname="UnitTest.MarketUnitTest" time="0.077">
    <system-err><![CDATA[Jun 19, 2024 1:56:36 PM DomainLayer.backend.Market setMarketOnline
INFO: market is Online
Jun 19, 2024 1:56:36 PM DomainLayer.backend.UserPackage.UserController addToGuestMap
INFO: guest user added successfully
Jun 19, 2024 1:56:36 PM DomainLayer.backend.UserPackage.UserController Register
INFO: username: ali, password: 123
Jun 19, 2024 1:56:36 PM DomainLayer.backend.UserPackage.UserController getUser
INFO: username: ali
Jun 19, 2024 1:56:36 PM DomainLayer.backend.NotificationPackage.DelayedNotifierDecorator send
INFO: User ali is offline. Saving message for later.
Jun 19, 2024 1:56:36 PM DomainLayer.backend.Permissions chooseNotifier
INFO: message stacked to ali
]]></system-err>
  </testcase>
  <testcase name="testInitStore" classname="UnitTest.MarketUnitTest" time="0.078">
    <system-err><![CDATA[Jun 19, 2024 1:56:36 PM DomainLayer.backend.UserPackage.UserController Register
INFO: username: ali, password: 123
Jun 19, 2024 1:56:36 PM DomainLayer.backend.Market initStore
INFO: userName: ali, Description: Store Description
Jun 19, 2024 1:56:36 PM DomainLayer.backend.UserPackage.UserController isRegistered
INFO: username: ali
Jun 19, 2024 1:56:36 PM DomainLayer.backend.StorePackage.StoreController initStore
INFO: userName: ali, Description: Store Description
Jun 19, 2024 1:56:36 PM DomainLayer.backend.Permissions initStore
INFO: store added successfully
]]></system-err>
  </testcase>
  <testcase name="testSetMarketOnline_Success" classname="UnitTest.MarketUnitTest" time="0.002">
    <system-err><![CDATA[Jun 19, 2024 1:56:36 PM DomainLayer.backend.Market setMarketOnline
INFO: market is Online
]]></system-err>
  </testcase>
  <testcase name="testSetMarketOFFLINE_NotSystemManager" classname="UnitTest.MarketUnitTest" time="0.002">
    <system-err><![CDATA[Jun 19, 2024 1:56:36 PM DomainLayer.backend.Market setMarketOFFLINE
SEVERE: only system managers can change market's activity
]]></system-err>
  </testcase>
</testsuite>