<?xml version="1.0" encoding="UTF-8"?>
<testsuite xmlns:xsi="http://www.w3.org/2001/XMLSchema-instance" xsi:noNamespaceSchemaLocation="https://maven.apache.org/surefire/maven-surefire-plugin/xsd/surefire-test-report.xsd" name="UnitTest.MarketUnitTest" time="0.002" tests="5" errors="0" skipped="0" failures="1">
  <properties>
[...]
</properties>
  <testcase name="testSetMarketOnline_NotSystemManager" classname="UnitTest.MarketUnitTest" time="0"/>
  <testcase name="testSetMarketOFFLINE_Success" classname="UnitTest.MarketUnitTest" time="0"/>
  <testcase name="testInitStore" classname="UnitTest.MarketUnitTest" time="0.001">
    <failure message="Exception thrown: ali is not registered" type="org.opentest4j.AssertionFailedError">org.opentest4j.AssertionFailedError: Exception thrown: ali is not registered
	at UnitTest.MarketUnitTest.testInitStore(MarketUnitTest.java:60)
</failure>
    <system-err><![CDATA[Jun 11, 2024 10:04:18 PM DomainLayer.backend.Market initStore
INFO: userName: ali, Description: Store Description
Jun 11, 2024 10:04:18 PM DomainLayer.backend.UserPackage.UserController isRegistered
INFO: username: ali
Jun 11, 2024 10:04:18 PM DomainLayer.backend.UserPackage.UserController isRegistered
SEVERE: ali is not registered
]]></system-err>
  </testcase>
  <testcase name="testSetMarketOnline_Success" classname="UnitTest.MarketUnitTest" time="0"/>
  <testcase name="testSetMarketOFFLINE_NotSystemManager" classname="UnitTest.MarketUnitTest" time="0"/>
</testsuite>