<?xml version="1.0" encoding="UTF-8"?>
<testsuite xmlns:xsi="http://www.w3.org/2001/XMLSchema-instance" xsi:noNamespaceSchemaLocation="https://maven.apache.org/surefire/maven-surefire-plugin/xsd/surefire-test-report-3.0.xsd" version="3.0" name="UnitTest.StoreUnitTest" time="0.027" tests="11" errors="0" skipped="0" failures="0">
  <properties>
[...]
</properties>
  <testcase name="testEditProductPrice_Success" classname="UnitTest.StoreUnitTest" time="0.006">
    <system-err><![CDATA[Jun 19, 2024 1:56:35 PM DomainLayer.backend.StorePackage.Store AddProduct
INFO: product added successfully
Jun 19, 2024 1:56:35 PM DomainLayer.backend.StorePackage.Store AddProduct
INFO: product added successfully
Jun 19, 2024 1:56:35 PM DomainLayer.backend.StorePackage.StoreController EditProducPrice
INFO: productId: 0, storeId 0, newPrice: 150.0
Jun 19, 2024 1:56:35 PM DomainLayer.backend.StorePackage.StoreController getStore
INFO: storeID: 0
Jun 19, 2024 1:56:35 PM DomainLayer.backend.StorePackage.Store EditProductPrice
INFO: Product's price edited successfully
Jun 19, 2024 1:56:35 PM DomainLayer.backend.StorePackage.StoreController EditProducPrice
INFO: Product's Price Modified in store Successfully
Jun 19, 2024 1:56:35 PM DomainLayer.backend.StorePackage.Store getProdPrice
INFO: Price of Product fetched successfully
]]></system-err>
  </testcase>
  <testcase name="testRemoveProduct_StoreDoesNotExist" classname="UnitTest.StoreUnitTest" time="0.003">
    <system-err><![CDATA[Jun 19, 2024 1:56:35 PM DomainLayer.backend.StorePackage.Store AddProduct
INFO: product added successfully
Jun 19, 2024 1:56:35 PM DomainLayer.backend.StorePackage.Store AddProduct
INFO: product added successfully
Jun 19, 2024 1:56:35 PM DomainLayer.backend.StorePackage.StoreController removeProduct
INFO: productId: 0, storeId 999
Jun 19, 2024 1:56:35 PM DomainLayer.backend.StorePackage.StoreController getStore
INFO: storeID: 999
Jun 19, 2024 1:56:35 PM DomainLayer.backend.StorePackage.StoreController getStore
SEVERE: Trying to retrieve A non existing StoreID
]]></system-err>
  </testcase>
  <testcase name="testGetStore_StoreExists" classname="UnitTest.StoreUnitTest" time="0.001">
    <system-err><![CDATA[Jun 19, 2024 1:56:35 PM DomainLayer.backend.StorePackage.StoreController getStore
INFO: storeID: 0
Jun 19, 2024 1:56:35 PM DomainLayer.backend.StorePackage.StoreController getStore
INFO: storeID: 1
]]></system-err>
  </testcase>
  <testcase name="testOpenStore_Success" classname="UnitTest.StoreUnitTest" time="0.001">
    <system-err><![CDATA[Jun 19, 2024 1:56:35 PM DomainLayer.backend.StorePackage.StoreController openStore
INFO: storeId: 0
Jun 19, 2024 1:56:35 PM DomainLayer.backend.StorePackage.StoreController getStore
INFO: storeID: 0
Jun 19, 2024 1:56:35 PM DomainLayer.backend.StorePackage.StoreController openStore
INFO: Store Opened Successfuly
]]></system-err>
  </testcase>
  <testcase name="testGetInfo" classname="UnitTest.StoreUnitTest" time="0.001">
    <system-err><![CDATA[Jun 19, 2024 1:56:35 PM DomainLayer.backend.StorePackage.StoreController getInfo
INFO: storeId: 1
Jun 19, 2024 1:56:35 PM DomainLayer.backend.StorePackage.StoreController getStore
INFO: storeID: 1
Jun 19, 2024 1:56:35 PM DomainLayer.backend.StorePackage.StoreController getStore
SEVERE: Trying to retrieve A non existing StoreID
]]></system-err>
  </testcase>
  <testcase name="testAddProduct_StoreDoesNotExist" classname="UnitTest.StoreUnitTest" time="0.004">
    <system-err><![CDATA[Jun 19, 2024 1:56:35 PM DomainLayer.backend.StorePackage.StoreController addProduct
INFO: productId: 101, storeId 2, price: 19.99, quantity: 10
Jun 19, 2024 1:56:35 PM DomainLayer.backend.StorePackage.StoreController getStore
INFO: storeID: 2
Jun 19, 2024 1:56:35 PM DomainLayer.backend.StorePackage.StoreController getStore
SEVERE: Trying to retrieve A non existing StoreID
]]></system-err>
  </testcase>
  <testcase name="testEditProductQuantity_Success" classname="UnitTest.StoreUnitTest" time="0.003">
    <system-err><![CDATA[Jun 19, 2024 1:56:35 PM DomainLayer.backend.StorePackage.Store AddProduct
INFO: product added successfully
Jun 19, 2024 1:56:35 PM DomainLayer.backend.StorePackage.Store AddProduct
INFO: product added successfully
Jun 19, 2024 1:56:35 PM DomainLayer.backend.StorePackage.StoreController EditProductQuantity
INFO: productId: 0, storeId 0, newQuantity: 20
Jun 19, 2024 1:56:35 PM DomainLayer.backend.StorePackage.StoreController getStore
INFO: storeID: 0
Jun 19, 2024 1:56:35 PM DomainLayer.backend.StorePackage.Store EditProductQuantity
INFO: Product's quantity edited successfully
Jun 19, 2024 1:56:35 PM DomainLayer.backend.StorePackage.StoreController EditProductQuantity
INFO: Product's Quantity Modified in store Successfully
]]></system-err>
  </testcase>
  <testcase name="testCloseStore_Success" classname="UnitTest.StoreUnitTest" time="0.002">
    <system-err><![CDATA[Jun 19, 2024 1:56:35 PM DomainLayer.backend.StorePackage.StoreController closeStore
INFO: storeId: 0
Jun 19, 2024 1:56:35 PM DomainLayer.backend.StorePackage.StoreController getStore
INFO: storeID: 0
Jun 19, 2024 1:56:35 PM DomainLayer.backend.StorePackage.StoreController closeStore
INFO: Store Closed Successfuly
]]></system-err>
  </testcase>
  <testcase name="testGetStore_StoreDoesNotExist" classname="UnitTest.StoreUnitTest" time="0.001">
    <system-err><![CDATA[Jun 19, 2024 1:56:35 PM DomainLayer.backend.StorePackage.StoreController getStore
INFO: storeID: 999
Jun 19, 2024 1:56:35 PM DomainLayer.backend.StorePackage.StoreController getStore
SEVERE: Trying to retrieve A non existing StoreID
]]></system-err>
  </testcase>
  <testcase name="testRemoveProduct_StoreExists" classname="UnitTest.StoreUnitTest" time="0.002">
    <system-err><![CDATA[Jun 19, 2024 1:56:35 PM DomainLayer.backend.StorePackage.Store AddProduct
INFO: product added successfully
Jun 19, 2024 1:56:35 PM DomainLayer.backend.StorePackage.Store AddProduct
INFO: product added successfully
Jun 19, 2024 1:56:35 PM DomainLayer.backend.StorePackage.StoreController removeProduct
INFO: productId: 0, storeId 0
Jun 19, 2024 1:56:35 PM DomainLayer.backend.StorePackage.StoreController getStore
INFO: storeID: 0
Jun 19, 2024 1:56:35 PM DomainLayer.backend.StorePackage.Store RemoveProduct
INFO: product removed successfully
Jun 19, 2024 1:56:35 PM DomainLayer.backend.StorePackage.StoreController removeProduct
INFO: Product Removed from store Successfully
]]></system-err>
  </testcase>
  <testcase name="testAddProduct_StoreExists" classname="UnitTest.StoreUnitTest" time="0.001">
    <system-err><![CDATA[Jun 19, 2024 1:56:35 PM DomainLayer.backend.StorePackage.StoreController addProduct
INFO: productId: 0, storeId 0, price: 10.0, quantity: 15
Jun 19, 2024 1:56:35 PM DomainLayer.backend.StorePackage.StoreController getStore
INFO: storeID: 0
Jun 19, 2024 1:56:35 PM DomainLayer.backend.StorePackage.Store AddProduct
INFO: product added successfully
Jun 19, 2024 1:56:35 PM DomainLayer.backend.StorePackage.StoreController addProduct
INFO: Product added to store Successfully
Jun 19, 2024 1:56:35 PM DomainLayer.backend.StorePackage.Store getProdPrice
INFO: Price of Product fetched successfully
]]></system-err>
  </testcase>
</testsuite>