<?xml version="1.0" encoding="UTF-8"?>
<testsuite xmlns:xsi="http://www.w3.org/2001/XMLSchema-instance" xsi:noNamespaceSchemaLocation="https://maven.apache.org/surefire/maven-surefire-plugin/xsd/surefire-test-report-3.0.xsd" version="3.0" name="AcceptanceTest.AccTestImpl" time="1.21" tests="20" errors="0" skipped="0" failures="0">
  <properties>
[...]
</properties>
  <testcase name="testAssignStoreOwner1" classname="AcceptanceTest.AccTestImpl" time="0.153">
    <system-err><![CDATA[Jun 19, 2024 1:56:43 PM DomainLayer.backend.UserPackage.UserController Register
INFO: username: ali, password: 123
Jun 19, 2024 1:56:43 PM DomainLayer.backend.UserPackage.UserController Register
INFO: username: malek, password: 456
Jun 19, 2024 1:56:43 PM DomainLayer.backend.Market initStore
INFO: userName: ali, Description: description
Jun 19, 2024 1:56:43 PM DomainLayer.backend.UserPackage.UserController isRegistered
INFO: username: ali
Jun 19, 2024 1:56:43 PM DomainLayer.backend.StorePackage.StoreController initStore
INFO: userName: ali, Description: description
Jun 19, 2024 1:56:43 PM DomainLayer.backend.Permissions initStore
INFO: store added successfully
Jun 19, 2024 1:56:43 PM DomainLayer.backend.UserPackage.UserController AssignStoreOwner
INFO: ownerUserName: ali, username: malekstoreOwner: 0
Jun 19, 2024 1:56:43 PM DomainLayer.backend.UserPackage.UserController getUser
INFO: username: malek
Jun 19, 2024 1:56:43 PM DomainLayer.backend.NotificationPackage.DelayedNotifierDecorator send
INFO: User malek is offline. Saving message for later.
Jun 19, 2024 1:56:43 PM DomainLayer.backend.Permissions chooseNotifier
INFO: message stacked to malek
Jun 19, 2024 1:56:43 PM DomainLayer.backend.Permissions addPermission
INFO: Permission added to store
]]></system-err>
  </testcase>
  <testcase name="testSetMarketOnline1" classname="AcceptanceTest.AccTestImpl" time="0">
    <system-err><![CDATA[Jun 19, 2024 1:56:43 PM DomainLayer.backend.Market setMarketOnline
INFO: market is Online
]]></system-err>
  </testcase>
  <testcase name="testGetInfo1" classname="AcceptanceTest.AccTestImpl" time="0.079">
    <system-err><![CDATA[Jun 19, 2024 1:56:43 PM DomainLayer.backend.UserPackage.UserController Register
INFO: username: ali, password: 12
Jun 19, 2024 1:56:43 PM DomainLayer.backend.Market initStore
INFO: userName: ali, Description: d
Jun 19, 2024 1:56:43 PM DomainLayer.backend.UserPackage.UserController isRegistered
INFO: username: ali
Jun 19, 2024 1:56:43 PM DomainLayer.backend.StorePackage.StoreController initStore
INFO: userName: ali, Description: d
Jun 19, 2024 1:56:43 PM DomainLayer.backend.Permissions initStore
INFO: store added successfully
Jun 19, 2024 1:56:43 PM DomainLayer.backend.Permissions getPermission
INFO: Permission found
Jun 19, 2024 1:56:43 PM DomainLayer.backend.StorePackage.StoreController addProduct
INFO: productId: 0, storeId 0, price: 10.0, quantity: 5
Jun 19, 2024 1:56:43 PM DomainLayer.backend.StorePackage.StoreController getStore
INFO: storeID: 0
Jun 19, 2024 1:56:43 PM DomainLayer.backend.StorePackage.Store AddProduct
INFO: product added successfully
Jun 19, 2024 1:56:43 PM DomainLayer.backend.StorePackage.StoreController addProduct
INFO: Product added to store Successfully
Jun 19, 2024 1:56:43 PM DomainLayer.backend.UserPackage.UserController isRegistered
INFO: username: ali
Jun 19, 2024 1:56:43 PM DomainLayer.backend.StorePackage.StoreController getInfo
INFO: storeId: 0
Jun 19, 2024 1:56:43 PM DomainLayer.backend.StorePackage.StoreController getStore
INFO: storeID: 0
Jun 19, 2024 1:56:43 PM DomainLayer.backend.StorePackage.StoreController getInfo
INFO: Store Info fetched!
]]></system-err>
  </testcase>
  <testcase name="testBuy1" classname="AcceptanceTest.AccTestImpl" time="0.008">
    <system-err><![CDATA[Jun 19, 2024 1:56:43 PM DomainLayer.backend.StorePackage.StoreController addProduct
INFO: productId: 0, storeId 0, price: 10.0, quantity: 15
Jun 19, 2024 1:56:43 PM DomainLayer.backend.StorePackage.StoreController getStore
INFO: storeID: 0
Jun 19, 2024 1:56:43 PM DomainLayer.backend.StorePackage.Store AddProduct
INFO: product added successfully
Jun 19, 2024 1:56:43 PM DomainLayer.backend.StorePackage.StoreController addProduct
INFO: Product added to store Successfully
Jun 19, 2024 1:56:43 PM DomainLayer.backend.Basket addProduct
INFO: product added successfully
Jun 19, 2024 1:56:43 PM DomainLayer.backend.UserPackage.ShoppingCart addToCart
INFO: added to cart
Jun 19, 2024 1:56:43 PM DomainLayer.backend.UserPackage.User addToCart
INFO: added to cart
Jun 19, 2024 1:56:43 PM DomainLayer.backend.UserPackage.UserController Buy
INFO: username: ali
Jun 19, 2024 1:56:43 PM DomainLayer.backend.UserPackage.UserController getUser
INFO: username: ali
Jun 19, 2024 1:56:43 PM DomainLayer.backend.StorePackage.StoreController getStore
INFO: storeID: 0
Jun 19, 2024 1:56:43 PM DomainLayer.backend.StorePackage.Store check
INFO: Basket's contents are available in the store
Jun 19, 2024 1:56:43 PM DomainLayer.backend.StorePackage.Store getProdPrice
INFO: Price of Product fetched successfully
Jun 19, 2024 1:56:43 PM DomainLayer.backend.StorePackage.Store getProdWeight
INFO: Weight of Product fetched successfully
Jun 19, 2024 1:56:43 PM DomainLayer.backend.StorePackage.Store subQuantity
INFO: Product's quantity subtracted successfully
Jun 19, 2024 1:56:43 PM DomainLayer.backend.UserPackage.UserController getUser
INFO: username: ali
Jun 19, 2024 1:56:43 PM DomainLayer.backend.Purchase <init>
INFO: Purchase captured!
Jun 19, 2024 1:56:43 PM DomainLayer.backend.PurchaseHistory addPurchase
INFO: Added purchase to store history: Store ID 0
Jun 19, 2024 1:56:43 PM DomainLayer.backend.PurchaseHistory addPurchase
INFO: Added purchase to user history: User ID ali
Jun 19, 2024 1:56:43 PM DomainLayer.backend.UserPackage.ShoppingCart Buy
INFO: Your purchase was successful
]]></system-err>
  </testcase>
  <testcase name="testEditPermissions1" classname="AcceptanceTest.AccTestImpl" time="0.154">
    <system-err><![CDATA[Jun 19, 2024 1:56:43 PM DomainLayer.backend.UserPackage.UserController Register
INFO: username: ali, password: 123
Jun 19, 2024 1:56:43 PM DomainLayer.backend.UserPackage.UserController Register
INFO: username: malek, password: 456
Jun 19, 2024 1:56:44 PM DomainLayer.backend.Market initStore
INFO: userName: ali, Description: description
Jun 19, 2024 1:56:44 PM DomainLayer.backend.UserPackage.UserController isRegistered
INFO: username: ali
Jun 19, 2024 1:56:44 PM DomainLayer.backend.StorePackage.StoreController initStore
INFO: userName: ali, Description: description
Jun 19, 2024 1:56:44 PM DomainLayer.backend.Permissions initStore
INFO: store added successfully
Jun 19, 2024 1:56:44 PM DomainLayer.backend.UserPackage.UserController AssignStoreOwner
INFO: ownerUserName: ali, username: malekstoreOwner: 0
Jun 19, 2024 1:56:44 PM DomainLayer.backend.UserPackage.UserController getUser
INFO: username: malek
Jun 19, 2024 1:56:44 PM DomainLayer.backend.NotificationPackage.DelayedNotifierDecorator send
INFO: User malek is offline. Saving message for later.
Jun 19, 2024 1:56:44 PM DomainLayer.backend.Permissions chooseNotifier
INFO: message stacked to malek
Jun 19, 2024 1:56:44 PM DomainLayer.backend.Permissions addPermission
INFO: Permission added to store
Jun 19, 2024 1:56:44 PM DomainLayer.backend.UserPackage.UserController EditPermissions
INFO: storeID: 0, ownerUserName: ali, userName: malekstoreOwner: true
Jun 19, 2024 1:56:44 PM DomainLayer.backend.UserPackage.UserController getUser
INFO: username: malek
Jun 19, 2024 1:56:44 PM DomainLayer.backend.NotificationPackage.DelayedNotifierDecorator send
INFO: User malek is offline. Saving message for later.
Jun 19, 2024 1:56:44 PM DomainLayer.backend.Permissions chooseNotifier
INFO: message stacked to malek
Jun 19, 2024 1:56:44 PM DomainLayer.backend.Permissions editPermission
INFO: Permission added to store
]]></system-err>
  </testcase>
  <testcase name="testCloseStore1" classname="AcceptanceTest.AccTestImpl" time="0.002">
    <system-err><![CDATA[Jun 19, 2024 1:56:44 PM DomainLayer.backend.StorePackage.StoreController closeStore
INFO: storeId: 0
Jun 19, 2024 1:56:44 PM DomainLayer.backend.StorePackage.StoreController getStore
INFO: storeID: 0
Jun 19, 2024 1:56:44 PM DomainLayer.backend.StorePackage.StoreController closeStore
INFO: Store Closed Successfuly
]]></system-err>
  </testcase>
  <testcase name="testInitStore1" classname="AcceptanceTest.AccTestImpl" time="0.079">
    <system-err><![CDATA[Jun 19, 2024 1:56:44 PM DomainLayer.backend.UserPackage.UserController Register
INFO: username: ali, password: 123
Jun 19, 2024 1:56:44 PM DomainLayer.backend.Market initStore
INFO: userName: ali, Description: desc
Jun 19, 2024 1:56:44 PM DomainLayer.backend.UserPackage.UserController isRegistered
INFO: username: ali
Jun 19, 2024 1:56:44 PM DomainLayer.backend.StorePackage.StoreController initStore
INFO: userName: ali, Description: desc
Jun 19, 2024 1:56:44 PM DomainLayer.backend.Permissions initStore
INFO: store added successfully
]]></system-err>
  </testcase>
  <testcase name="testLogout1" classname="AcceptanceTest.AccTestImpl" time="0.001">
    <system-err><![CDATA[Jun 19, 2024 1:56:44 PM DomainLayer.backend.UserPackage.UserController addToGuestMap
INFO: guest user added successfully
]]></system-err>
  </testcase>
  <testcase name="testAddToCart1" classname="AcceptanceTest.AccTestImpl" time="0.313">
    <system-err><![CDATA[Jun 19, 2024 1:56:44 PM DomainLayer.backend.Market setMarketOnline
INFO: market is Online
Jun 19, 2024 1:56:44 PM DomainLayer.backend.UserPackage.UserController addToGuestMap
INFO: guest user added successfully
Jun 19, 2024 1:56:44 PM DomainLayer.backend.UserPackage.UserController addToGuestMap
INFO: guest user added successfully
Jun 19, 2024 1:56:44 PM DomainLayer.backend.UserPackage.UserController Register
INFO: username: u, password: 1
Jun 19, 2024 1:56:44 PM DomainLayer.backend.UserPackage.UserController Register
INFO: username: ali, password: 123
Jun 19, 2024 1:56:44 PM DomainLayer.backend.UserPackage.UserController Login
INFO: guest: 0, username: u, password: 1
Jun 19, 2024 1:56:44 PM DomainLayer.backend.UserPackage.UserController authenticate
INFO: username: u, password: 1
Jun 19, 2024 1:56:44 PM DomainLayer.backend.UserPackage.UserController isRegistered
INFO: username: u
Jun 19, 2024 1:56:44 PM DomainLayer.backend.UserPackage.UserController authenticate
INFO: authenticated
Jun 19, 2024 1:56:44 PM DomainLayer.backend.UserPackage.UserController Login
INFO: logged in successfully
Jun 19, 2024 1:56:44 PM DomainLayer.backend.UserPackage.UserController GuestExit
INFO: username: 0
Jun 19, 2024 1:56:44 PM DomainLayer.backend.UserPackage.UserController GuestExit
INFO: guest existed successfully
Jun 19, 2024 1:56:44 PM DomainLayer.backend.UserPackage.UserController Login
INFO: guest: 1, username: ali, password: 123
Jun 19, 2024 1:56:44 PM DomainLayer.backend.UserPackage.UserController authenticate
INFO: username: ali, password: 123
Jun 19, 2024 1:56:44 PM DomainLayer.backend.UserPackage.UserController isRegistered
INFO: username: ali
Jun 19, 2024 1:56:44 PM DomainLayer.backend.UserPackage.UserController authenticate
INFO: authenticated
Jun 19, 2024 1:56:44 PM DomainLayer.backend.UserPackage.UserController Login
INFO: logged in successfully
Jun 19, 2024 1:56:44 PM DomainLayer.backend.UserPackage.UserController GuestExit
INFO: username: 1
Jun 19, 2024 1:56:44 PM DomainLayer.backend.UserPackage.UserController GuestExit
INFO: guest existed successfully
Jun 19, 2024 1:56:44 PM DomainLayer.backend.Market initStore
INFO: userName: u, Description: d
Jun 19, 2024 1:56:44 PM DomainLayer.backend.UserPackage.UserController isRegistered
INFO: username: u
Jun 19, 2024 1:56:44 PM DomainLayer.backend.StorePackage.StoreController initStore
INFO: userName: u, Description: d
Jun 19, 2024 1:56:44 PM DomainLayer.backend.Permissions initStore
INFO: store added successfully
Jun 19, 2024 1:56:44 PM DomainLayer.backend.Permissions getPermission
INFO: Permission found
Jun 19, 2024 1:56:44 PM DomainLayer.backend.StorePackage.StoreController addProduct
INFO: productId: 0, storeId 0, price: 10.0, quantity: 5
Jun 19, 2024 1:56:44 PM DomainLayer.backend.StorePackage.StoreController getStore
INFO: storeID: 0
Jun 19, 2024 1:56:44 PM DomainLayer.backend.StorePackage.Store AddProduct
INFO: product added successfully
Jun 19, 2024 1:56:44 PM DomainLayer.backend.StorePackage.StoreController addProduct
INFO: Product added to store Successfully
Jun 19, 2024 1:56:44 PM DomainLayer.backend.UserPackage.UserController addToCart
INFO: username: ali, product: 0, quantity: 5
Jun 19, 2024 1:56:44 PM DomainLayer.backend.UserPackage.UserController getUser
INFO: username: ali
Jun 19, 2024 1:56:44 PM DomainLayer.backend.Basket addProduct
INFO: product added successfully
Jun 19, 2024 1:56:44 PM DomainLayer.backend.UserPackage.ShoppingCart addToCart
INFO: added to cart
Jun 19, 2024 1:56:44 PM DomainLayer.backend.UserPackage.User addToCart
INFO: added to cart
]]></system-err>
  </testcase>
  <testcase name="testEditProductPrice1" classname="AcceptanceTest.AccTestImpl" time="0.003">
    <system-err><![CDATA[Jun 19, 2024 1:56:44 PM DomainLayer.backend.StorePackage.Store AddProduct
INFO: product added successfully
Jun 19, 2024 1:56:44 PM DomainLayer.backend.StorePackage.Store AddProduct
INFO: product added successfully
Jun 19, 2024 1:56:44 PM DomainLayer.backend.StorePackage.StoreController EditProducPrice
INFO: productId: 0, storeId 0, newPrice: 55.0
Jun 19, 2024 1:56:44 PM DomainLayer.backend.StorePackage.StoreController getStore
INFO: storeID: 0
Jun 19, 2024 1:56:44 PM DomainLayer.backend.StorePackage.Store EditProductPrice
INFO: Product's price edited successfully
Jun 19, 2024 1:56:44 PM DomainLayer.backend.StorePackage.StoreController EditProducPrice
INFO: Product's Price Modified in store Successfully
]]></system-err>
  </testcase>
  <testcase name="testViewSystemPurchaseHistory1" classname="AcceptanceTest.AccTestImpl" time="0.007">
    <system-err><![CDATA[Jun 19, 2024 1:56:44 PM DomainLayer.backend.StorePackage.StoreController addProduct
INFO: productId: 0, storeId 0, price: 10.0, quantity: 15
Jun 19, 2024 1:56:44 PM DomainLayer.backend.StorePackage.StoreController getStore
INFO: storeID: 0
Jun 19, 2024 1:56:44 PM DomainLayer.backend.StorePackage.Store AddProduct
INFO: product added successfully
Jun 19, 2024 1:56:44 PM DomainLayer.backend.StorePackage.StoreController addProduct
INFO: Product added to store Successfully
Jun 19, 2024 1:56:44 PM DomainLayer.backend.Basket addProduct
INFO: product added successfully
Jun 19, 2024 1:56:44 PM DomainLayer.backend.UserPackage.ShoppingCart addToCart
INFO: added to cart
Jun 19, 2024 1:56:44 PM DomainLayer.backend.UserPackage.User addToCart
INFO: added to cart
Jun 19, 2024 1:56:44 PM DomainLayer.backend.UserPackage.UserController Buy
INFO: username: ali
Jun 19, 2024 1:56:44 PM DomainLayer.backend.UserPackage.UserController getUser
INFO: username: ali
Jun 19, 2024 1:56:44 PM DomainLayer.backend.StorePackage.StoreController getStore
INFO: storeID: 0
Jun 19, 2024 1:56:44 PM DomainLayer.backend.StorePackage.Store check
INFO: Basket's contents are available in the store
Jun 19, 2024 1:56:44 PM DomainLayer.backend.StorePackage.Store getProdPrice
INFO: Price of Product fetched successfully
Jun 19, 2024 1:56:44 PM DomainLayer.backend.StorePackage.Store getProdWeight
INFO: Weight of Product fetched successfully
Jun 19, 2024 1:56:44 PM DomainLayer.backend.StorePackage.Store subQuantity
INFO: Product's quantity subtracted successfully
Jun 19, 2024 1:56:44 PM DomainLayer.backend.UserPackage.UserController getUser
INFO: username: ali
Jun 19, 2024 1:56:44 PM DomainLayer.backend.Purchase <init>
INFO: Purchase captured!
Jun 19, 2024 1:56:44 PM DomainLayer.backend.PurchaseHistory addPurchase
INFO: Added purchase to store history: Store ID 0
Jun 19, 2024 1:56:44 PM DomainLayer.backend.PurchaseHistory addPurchase
INFO: Added purchase to user history: User ID ali
Jun 19, 2024 1:56:44 PM DomainLayer.backend.UserPackage.ShoppingCart Buy
INFO: Your purchase was successful
]]></system-err>
  </testcase>
  <testcase name="testRemoveProduct1" classname="AcceptanceTest.AccTestImpl" time="0.002">
    <system-err><![CDATA[Jun 19, 2024 1:56:44 PM DomainLayer.backend.StorePackage.Store AddProduct
INFO: product added successfully
Jun 19, 2024 1:56:44 PM DomainLayer.backend.StorePackage.Store AddProduct
INFO: product added successfully
Jun 19, 2024 1:56:44 PM DomainLayer.backend.StorePackage.StoreController removeProduct
INFO: productId: 0, storeId 0
Jun 19, 2024 1:56:44 PM DomainLayer.backend.StorePackage.StoreController getStore
INFO: storeID: 0
Jun 19, 2024 1:56:44 PM DomainLayer.backend.StorePackage.Store RemoveProduct
INFO: product removed successfully
Jun 19, 2024 1:56:44 PM DomainLayer.backend.StorePackage.StoreController removeProduct
INFO: Product Removed from store Successfully
]]></system-err>
  </testcase>
  <testcase name="testEditProductQuantity1" classname="AcceptanceTest.AccTestImpl" time="0.002">
    <system-err><![CDATA[Jun 19, 2024 1:56:44 PM DomainLayer.backend.StorePackage.Store AddProduct
INFO: product added successfully
Jun 19, 2024 1:56:44 PM DomainLayer.backend.StorePackage.Store AddProduct
INFO: product added successfully
Jun 19, 2024 1:56:44 PM DomainLayer.backend.StorePackage.StoreController EditProductQuantity
INFO: productId: 0, storeId 0, newQuantity: 20
Jun 19, 2024 1:56:44 PM DomainLayer.backend.StorePackage.StoreController getStore
INFO: storeID: 0
Jun 19, 2024 1:56:44 PM DomainLayer.backend.StorePackage.Store EditProductQuantity
INFO: Product's quantity edited successfully
Jun 19, 2024 1:56:44 PM DomainLayer.backend.StorePackage.StoreController EditProductQuantity
INFO: Product's Quantity Modified in store Successfully
]]></system-err>
  </testcase>
  <testcase name="testRegister1" classname="AcceptanceTest.AccTestImpl" time="0.075">
    <system-err><![CDATA[Jun 19, 2024 1:56:44 PM DomainLayer.backend.UserPackage.UserController Register
INFO: username: u, password: 1
]]></system-err>
  </testcase>
  <testcase name="testInspectCart1" classname="AcceptanceTest.AccTestImpl" time="0.002">
    <system-err><![CDATA[Jun 19, 2024 1:56:44 PM DomainLayer.backend.UserPackage.UserController inspectCart
INFO: username: malek
Jun 19, 2024 1:56:44 PM DomainLayer.backend.UserPackage.UserController getUser
INFO: username: malek
]]></system-err>
  </testcase>
  <testcase name="testLogin1" classname="AcceptanceTest.AccTestImpl" time="0.155">
    <system-err><![CDATA[Jun 19, 2024 1:56:44 PM DomainLayer.backend.UserPackage.UserController addToGuestMap
INFO: guest user added successfully
Jun 19, 2024 1:56:44 PM DomainLayer.backend.UserPackage.UserController Register
INFO: username: u, password: 1
Jun 19, 2024 1:56:44 PM DomainLayer.backend.Market setMarketOnline
INFO: market is Online
Jun 19, 2024 1:56:44 PM DomainLayer.backend.UserPackage.UserController Login
INFO: guest: 0, username: u, password: 1
Jun 19, 2024 1:56:44 PM DomainLayer.backend.UserPackage.UserController authenticate
INFO: username: u, password: 1
Jun 19, 2024 1:56:44 PM DomainLayer.backend.UserPackage.UserController isRegistered
INFO: username: u
Jun 19, 2024 1:56:44 PM DomainLayer.backend.UserPackage.UserController authenticate
INFO: authenticated
Jun 19, 2024 1:56:44 PM DomainLayer.backend.UserPackage.UserController Login
INFO: logged in successfully
Jun 19, 2024 1:56:44 PM DomainLayer.backend.UserPackage.UserController GuestExit
INFO: username: 0
Jun 19, 2024 1:56:44 PM DomainLayer.backend.UserPackage.UserController GuestExit
INFO: guest existed successfully
]]></system-err>
  </testcase>
  <testcase name="testEnterAsGuest1" classname="AcceptanceTest.AccTestImpl" time="0.001">
    <system-err><![CDATA[Jun 19, 2024 1:56:44 PM DomainLayer.backend.UserPackage.UserController addToGuestMap
INFO: guest user added successfully
]]></system-err>
  </testcase>
  <testcase name="testAddProduct1" classname="AcceptanceTest.AccTestImpl" time="0.002">
    <system-err><![CDATA[Jun 19, 2024 1:56:44 PM DomainLayer.backend.StorePackage.StoreController addProduct
INFO: productId: 0, storeId 0, price: 10.0, quantity: 0
Jun 19, 2024 1:56:44 PM DomainLayer.backend.StorePackage.StoreController getStore
INFO: storeID: 0
Jun 19, 2024 1:56:44 PM DomainLayer.backend.StorePackage.Store AddProduct
INFO: product added successfully
Jun 19, 2024 1:56:44 PM DomainLayer.backend.StorePackage.StoreController addProduct
INFO: Product added to store Successfully
]]></system-err>
  </testcase>
  <testcase name="testGuestExit1" classname="AcceptanceTest.AccTestImpl" time="0.002">
    <system-err><![CDATA[Jun 19, 2024 1:56:44 PM DomainLayer.backend.UserPackage.UserController addToGuestMap
INFO: guest user added successfully
Jun 19, 2024 1:56:44 PM DomainLayer.backend.UserPackage.UserController GuestExit
INFO: username: 0
Jun 19, 2024 1:56:44 PM DomainLayer.backend.UserPackage.UserController GuestExit
INFO: guest existed successfully
]]></system-err>
  </testcase>
  <testcase name="testAssignStoreManager1" classname="AcceptanceTest.AccTestImpl" time="0.154">
    <system-err><![CDATA[Jun 19, 2024 1:56:44 PM DomainLayer.backend.UserPackage.UserController Register
INFO: username: ali, password: 123
Jun 19, 2024 1:56:44 PM DomainLayer.backend.UserPackage.UserController Register
INFO: username: malek, password: 456
Jun 19, 2024 1:56:44 PM DomainLayer.backend.Market initStore
INFO: userName: ali, Description: description
Jun 19, 2024 1:56:44 PM DomainLayer.backend.UserPackage.UserController isRegistered
INFO: username: ali
Jun 19, 2024 1:56:44 PM DomainLayer.backend.StorePackage.StoreController initStore
INFO: userName: ali, Description: description
Jun 19, 2024 1:56:44 PM DomainLayer.backend.Permissions initStore
INFO: store added successfully
Jun 19, 2024 1:56:44 PM DomainLayer.backend.UserPackage.UserController AssignStoreManager
INFO: ownerUserName: ali, username: malekstoreOwner: 0
Jun 19, 2024 1:56:44 PM DomainLayer.backend.UserPackage.UserController getUser
INFO: username: malek
Jun 19, 2024 1:56:44 PM DomainLayer.backend.NotificationPackage.DelayedNotifierDecorator send
INFO: User malek is offline. Saving message for later.
Jun 19, 2024 1:56:44 PM DomainLayer.backend.Permissions chooseNotifier
INFO: message stacked to malek
Jun 19, 2024 1:56:44 PM DomainLayer.backend.Permissions addPermission
INFO: Permission added to store
]]></system-err>
  </testcase>
</testsuite>